2023-12-23 11:13:51.955 [info] Log level: Info
2023-12-23 11:13:51.955 [info] Validating found git in: "git"
2023-12-23 11:13:51.955 [info] Using git "2.41.0" from "git"
2023-12-23 11:13:51.955 [info] > git rev-parse --show-toplevel [2ms]
2023-12-23 11:13:51.955 [info] fatal: not a git repository (or any of the parent directories): .git
2023-12-23 11:13:51.955 [info] > git rev-parse --show-toplevel [1ms]
2023-12-23 11:13:51.955 [info] fatal: not a git repository (or any parent up to mount point /)
Stopping at filesystem boundary (GIT_DISCOVERY_ACROSS_FILESYSTEM not set).
2023-12-23 11:13:51.955 [info] > git rev-parse --show-toplevel [1ms]
2023-12-23 11:13:51.955 [info] fatal: not a git repository (or any parent up to mount point /)
Stopping at filesystem boundary (GIT_DISCOVERY_ACROSS_FILESYSTEM not set).
2023-12-23 11:13:51.955 [info] > git rev-parse --show-toplevel [1ms]
2023-12-23 11:13:51.955 [info] fatal: not a git repository (or any parent up to mount point /)
Stopping at filesystem boundary (GIT_DISCOVERY_ACROSS_FILESYSTEM not set).
2023-12-23 11:13:51.955 [info] > git rev-parse --show-toplevel [1ms]
2023-12-23 11:13:51.955 [info] fatal: not a git repository (or any of the parent directories): .git
2023-12-23 11:13:51.955 [info] > git rev-parse --show-toplevel [1ms]
2023-12-23 11:13:51.955 [info] fatal: not a git repository (or any of the parent directories): .git
2023-12-23 11:13:51.955 [info] > git rev-parse --show-toplevel [1ms]
2023-12-23 11:13:51.955 [info] fatal: not a git repository (or any parent up to mount point /)
Stopping at filesystem boundary (GIT_DISCOVERY_ACROSS_FILESYSTEM not set).
2023-12-23 11:13:51.955 [info] > git rev-parse --show-toplevel [1ms]
2023-12-23 11:13:51.955 [info] fatal: not a git repository (or any of the parent directories): .git
2023-12-23 11:13:51.955 [info] > git rev-parse --show-toplevel [2ms]
2023-12-23 11:13:51.955 [info] fatal: not a git repository (or any of the parent directories): .git
2023-12-23 11:13:51.955 [info] > git rev-parse --show-toplevel [2ms]
2023-12-23 11:13:51.955 [info] fatal: not a git repository (or any of the parent directories): .git
2023-12-23 11:13:51.955 [info] > git rev-parse --show-toplevel [1ms]
2023-12-23 11:13:51.955 [info] fatal: not a git repository (or any parent up to mount point /)
Stopping at filesystem boundary (GIT_DISCOVERY_ACROSS_FILESYSTEM not set).
2023-12-23 11:13:51.955 [info] > git rev-parse --show-toplevel [1ms]
2023-12-23 11:13:51.955 [info] fatal: not a git repository (or any parent up to mount point /)
Stopping at filesystem boundary (GIT_DISCOVERY_ACROSS_FILESYSTEM not set).
2023-12-23 11:13:51.955 [info] > git rev-parse --show-toplevel [1ms]
2023-12-23 11:13:51.955 [info] fatal: not a git repository (or any of the parent directories): .git
2023-12-23 11:13:51.955 [info] > git rev-parse --show-toplevel [1ms]
2023-12-23 11:13:51.955 [info] fatal: not a git repository (or any parent up to mount point /)
Stopping at filesystem boundary (GIT_DISCOVERY_ACROSS_FILESYSTEM not set).
2023-12-23 11:13:51.955 [info] > git rev-parse --show-toplevel [2ms]
2023-12-23 11:13:51.955 [info] fatal: not a git repository (or any parent up to mount point /)
Stopping at filesystem boundary (GIT_DISCOVERY_ACROSS_FILESYSTEM not set).
2023-12-23 11:13:51.955 [info] > git rev-parse --show-toplevel [5ms]
2023-12-23 11:13:51.955 [info] fatal: not a git repository (or any of the parent directories): .git
2023-12-23 11:13:51.955 [info] > git rev-parse --show-toplevel [3ms]
2023-12-23 11:13:51.955 [info] fatal: not a git repository (or any of the parent directories): .git
2023-12-23 11:13:52.118 [info] > git rev-parse --show-toplevel [1ms]
2023-12-23 11:13:52.118 [info] fatal: not a git repository (or any of the parent directories): .git
2023-12-23 11:13:52.176 [info] > git rev-parse --show-toplevel [2ms]
2023-12-23 11:13:52.176 [info] fatal: not a git repository (or any of the parent directories): .git
2023-12-23 11:13:52.413 [info] > git rev-parse --show-toplevel [2ms]
2023-12-23 11:13:52.413 [info] fatal: not a git repository (or any of the parent directories): .git
2023-12-23 11:13:52.623 [info] > git rev-parse --show-toplevel [1ms]
2023-12-23 11:13:52.623 [info] fatal: not a git repository (or any of the parent directories): .git
