2023-12-23 11:10:25.745 [info] Log level: Info
2023-12-23 11:10:25.746 [info] Validating found git in: "git"
2023-12-23 11:10:25.746 [info] Using git "2.41.0" from "git"
2023-12-23 11:10:25.746 [info] > git rev-parse --show-toplevel [2ms]
2023-12-23 11:10:25.746 [info] fatal: not a git repository (or any of the parent directories): .git
2023-12-23 11:10:25.746 [info] > git rev-parse --show-toplevel [2ms]
2023-12-23 11:10:25.746 [info] fatal: not a git repository (or any parent up to mount point /)
Stopping at filesystem boundary (GIT_DISCOVERY_ACROSS_FILESYSTEM not set).
2023-12-23 11:10:25.746 [info] > git rev-parse --show-toplevel [2ms]
2023-12-23 11:10:25.746 [info] fatal: not a git repository (or any parent up to mount point /)
Stopping at filesystem boundary (GIT_DISCOVERY_ACROSS_FILESYSTEM not set).
2023-12-23 11:10:25.746 [info] > git rev-parse --show-toplevel [2ms]
2023-12-23 11:10:25.746 [info] fatal: not a git repository (or any parent up to mount point /)
Stopping at filesystem boundary (GIT_DISCOVERY_ACROSS_FILESYSTEM not set).
2023-12-23 11:10:25.746 [info] > git rev-parse --show-toplevel [2ms]
2023-12-23 11:10:25.746 [info] fatal: not a git repository (or any of the parent directories): .git
2023-12-23 11:10:25.746 [info] > git rev-parse --show-toplevel [2ms]
2023-12-23 11:10:25.746 [info] fatal: not a git repository (or any of the parent directories): .git
2023-12-23 11:10:25.746 [info] > git rev-parse --show-toplevel [1ms]
2023-12-23 11:10:25.746 [info] fatal: not a git repository (or any parent up to mount point /)
Stopping at filesystem boundary (GIT_DISCOVERY_ACROSS_FILESYSTEM not set).
2023-12-23 11:10:25.746 [info] > git rev-parse --show-toplevel [2ms]
2023-12-23 11:10:25.746 [info] fatal: not a git repository (or any of the parent directories): .git
2023-12-23 11:10:25.746 [info] > git rev-parse --show-toplevel [2ms]
2023-12-23 11:10:25.746 [info] fatal: not a git repository (or any of the parent directories): .git
2023-12-23 11:10:25.746 [info] > git rev-parse --show-toplevel [2ms]
2023-12-23 11:10:25.746 [info] fatal: not a git repository (or any of the parent directories): .git
2023-12-23 11:10:25.746 [info] > git rev-parse --show-toplevel [1ms]
2023-12-23 11:10:25.746 [info] fatal: not a git repository (or any parent up to mount point /)
Stopping at filesystem boundary (GIT_DISCOVERY_ACROSS_FILESYSTEM not set).
2023-12-23 11:10:25.746 [info] > git rev-parse --show-toplevel [2ms]
2023-12-23 11:10:25.746 [info] fatal: not a git repository (or any parent up to mount point /)
Stopping at filesystem boundary (GIT_DISCOVERY_ACROSS_FILESYSTEM not set).
2023-12-23 11:10:25.746 [info] > git rev-parse --show-toplevel [2ms]
2023-12-23 11:10:25.746 [info] fatal: not a git repository (or any of the parent directories): .git
2023-12-23 11:10:25.746 [info] > git rev-parse --show-toplevel [2ms]
2023-12-23 11:10:25.746 [info] fatal: not a git repository (or any parent up to mount point /)
Stopping at filesystem boundary (GIT_DISCOVERY_ACROSS_FILESYSTEM not set).
2023-12-23 11:10:25.746 [info] > git rev-parse --show-toplevel [2ms]
2023-12-23 11:10:25.746 [info] fatal: not a git repository (or any parent up to mount point /)
Stopping at filesystem boundary (GIT_DISCOVERY_ACROSS_FILESYSTEM not set).
2023-12-23 11:10:25.746 [info] > git rev-parse --show-toplevel [1ms]
2023-12-23 11:10:25.746 [info] fatal: not a git repository (or any of the parent directories): .git
2023-12-23 11:10:25.746 [info] > git rev-parse --show-toplevel [1ms]
2023-12-23 11:10:25.746 [info] fatal: not a git repository (or any of the parent directories): .git
2023-12-23 11:10:25.842 [info] > git rev-parse --show-toplevel [1ms]
2023-12-23 11:10:25.842 [info] fatal: not a git repository (or any of the parent directories): .git
2023-12-23 11:10:26.754 [info] > git rev-parse --show-toplevel [2ms]
2023-12-23 11:10:26.754 [info] fatal: not a git repository (or any of the parent directories): .git
2023-12-23 11:10:28.927 [info] > git rev-parse --show-toplevel [2ms]
2023-12-23 11:10:28.927 [info] fatal: not a git repository (or any of the parent directories): .git
2023-12-23 11:10:33.391 [info] > git rev-parse --show-toplevel [1ms]
2023-12-23 11:10:33.391 [info] fatal: not a git repository (or any of the parent directories): .git
