2023-12-23 13:28:41.757 [info] Log level: Info
2023-12-23 13:28:41.757 [info] Validating found git in: "git"
2023-12-23 13:28:41.757 [info] Using git "2.41.0" from "git"
2023-12-23 13:28:41.757 [info] > git rev-parse --show-toplevel [2ms]
2023-12-23 13:28:41.757 [info] fatal: not a git repository (or any of the parent directories): .git
2023-12-23 13:28:41.757 [info] > git rev-parse --show-toplevel [1ms]
2023-12-23 13:28:41.757 [info] fatal: not a git repository (or any parent up to mount point /)
Stopping at filesystem boundary (GIT_DISCOVERY_ACROSS_FILESYSTEM not set).
2023-12-23 13:28:41.757 [info] > git rev-parse --show-toplevel [1ms]
2023-12-23 13:28:41.757 [info] fatal: not a git repository (or any parent up to mount point /)
Stopping at filesystem boundary (GIT_DISCOVERY_ACROSS_FILESYSTEM not set).
2023-12-23 13:28:41.757 [info] > git rev-parse --show-toplevel [2ms]
2023-12-23 13:28:41.757 [info] fatal: not a git repository (or any parent up to mount point /)
Stopping at filesystem boundary (GIT_DISCOVERY_ACROSS_FILESYSTEM not set).
2023-12-23 13:28:41.757 [info] > git rev-parse --show-toplevel [2ms]
2023-12-23 13:28:41.757 [info] fatal: not a git repository (or any of the parent directories): .git
2023-12-23 13:28:41.757 [info] > git rev-parse --show-toplevel [1ms]
2023-12-23 13:28:41.757 [info] fatal: not a git repository (or any of the parent directories): .git
2023-12-23 13:28:41.757 [info] > git rev-parse --show-toplevel [1ms]
2023-12-23 13:28:41.757 [info] fatal: not a git repository (or any parent up to mount point /)
Stopping at filesystem boundary (GIT_DISCOVERY_ACROSS_FILESYSTEM not set).
2023-12-23 13:28:41.757 [info] > git rev-parse --show-toplevel [1ms]
2023-12-23 13:28:41.757 [info] fatal: not a git repository (or any of the parent directories): .git
2023-12-23 13:28:41.757 [info] > git rev-parse --show-toplevel [2ms]
2023-12-23 13:28:41.757 [info] fatal: not a git repository (or any of the parent directories): .git
2023-12-23 13:28:41.757 [info] > git rev-parse --show-toplevel [1ms]
2023-12-23 13:28:41.757 [info] fatal: not a git repository (or any of the parent directories): .git
2023-12-23 13:28:41.757 [info] > git rev-parse --show-toplevel [1ms]
2023-12-23 13:28:41.757 [info] fatal: not a git repository (or any parent up to mount point /)
Stopping at filesystem boundary (GIT_DISCOVERY_ACROSS_FILESYSTEM not set).
2023-12-23 13:28:41.757 [info] > git rev-parse --show-toplevel [2ms]
2023-12-23 13:28:41.757 [info] fatal: not a git repository (or any parent up to mount point /)
Stopping at filesystem boundary (GIT_DISCOVERY_ACROSS_FILESYSTEM not set).
2023-12-23 13:28:41.757 [info] > git rev-parse --show-toplevel [2ms]
2023-12-23 13:28:41.757 [info] fatal: not a git repository (or any of the parent directories): .git
2023-12-23 13:28:41.757 [info] > git rev-parse --show-toplevel [1ms]
2023-12-23 13:28:41.757 [info] fatal: not a git repository (or any parent up to mount point /)
Stopping at filesystem boundary (GIT_DISCOVERY_ACROSS_FILESYSTEM not set).
2023-12-23 13:28:41.757 [info] > git rev-parse --show-toplevel [1ms]
2023-12-23 13:28:41.757 [info] fatal: not a git repository (or any parent up to mount point /)
Stopping at filesystem boundary (GIT_DISCOVERY_ACROSS_FILESYSTEM not set).
2023-12-23 13:28:41.757 [info] > git rev-parse --show-toplevel [1ms]
2023-12-23 13:28:41.757 [info] fatal: not a git repository (or any of the parent directories): .git
2023-12-23 13:28:41.757 [info] > git rev-parse --show-toplevel [1ms]
2023-12-23 13:28:41.757 [info] fatal: not a git repository (or any of the parent directories): .git
2023-12-23 13:28:41.947 [info] > git rev-parse --show-toplevel [2ms]
2023-12-23 13:28:41.947 [info] fatal: not a git repository (or any of the parent directories): .git
2023-12-23 13:28:41.976 [info] > git rev-parse --show-toplevel [2ms]
2023-12-23 13:28:41.976 [info] fatal: not a git repository (or any of the parent directories): .git
