2024-08-09 01:20:09.316 [info] Log level: Info
2024-08-09 01:20:09.316 [info] Validating found git in: "git"
2024-08-09 01:20:09.316 [info] Using git "2.46.0" from "git"
2024-08-09 01:20:20.286 [info] Log level: Info
2024-08-09 01:20:20.286 [info] Validating found git in: "git"
2024-08-09 01:20:20.286 [info] Using git "2.46.0" from "git"
2024-08-09 01:20:20.286 [info] > git rev-parse --show-toplevel [13ms]
2024-08-09 01:20:20.293 [info] > git rev-parse --show-toplevel [1ms]
2024-08-09 01:20:20.299 [info] > git rev-parse --show-toplevel [2ms]
2024-08-09 01:20:20.304 [info] > git rev-parse --show-toplevel [1ms]
2024-08-09 01:20:20.309 [info] > git rev-parse --show-toplevel [1ms]
2024-08-09 01:20:20.314 [info] > git rev-parse --show-toplevel [1ms]
2024-08-09 01:20:20.320 [info] > git rev-parse --show-toplevel [2ms]
2024-08-09 01:20:20.327 [info] > git rev-parse --git-dir --git-common-dir [1ms]
2024-08-09 01:20:20.340 [info] Open repository: /home/le/Projects/gtklock
2024-08-09 01:20:20.353 [info] > git rev-parse --show-toplevel [3ms]
2024-08-09 01:20:20.354 [info] > git config --get commit.template [7ms]
2024-08-09 01:20:20.369 [info] > git for-each-ref --format=%(refname)%00%(upstream:short)%00%(objectname)%00%(upstream:track)%00%(upstream:remotename)%00%(upstream:remoteref) refs/heads/master refs/remotes/master [7ms]
2024-08-09 01:20:20.380 [warning] ENOENT: no such file or directory, open '/home/le/Projects/gtklock/.git/refs/remotes/origin/master'
2024-08-09 01:20:20.380 [info] > git rev-parse --show-toplevel [13ms]
2024-08-09 01:20:20.392 [info] > git rev-parse refs/remotes/origin/master [13ms]
2024-08-09 01:20:20.400 [info] > git rev-parse --git-dir --git-common-dir [9ms]
2024-08-09 01:20:20.406 [info] Open repository: /home/le/Projects/home-manager
2024-08-09 01:20:20.417 [info] > git status -z -uall [19ms]
2024-08-09 01:20:20.443 [info] > git for-each-ref --format=%(refname)%00%(upstream:short)%00%(objectname)%00%(upstream:track)%00%(upstream:remotename)%00%(upstream:remoteref) refs/heads/master refs/remotes/master [19ms]
2024-08-09 01:20:20.448 [info] > git rev-parse --show-toplevel [32ms]
2024-08-09 01:20:20.449 [info] > git config --get commit.template [37ms]
2024-08-09 01:20:20.454 [info] > git config --local branch.master.vscode-merge-base [6ms]
2024-08-09 01:20:20.455 [warning] git config failed: Failed to execute git
2024-08-09 01:20:20.459 [info] > git config --get commit.template [18ms]
2024-08-09 01:20:20.511 [info] No remotes found in the git config file.
2024-08-09 01:20:20.515 [info] > git reflog master --grep-reflog=branch: Created from *. [56ms]
2024-08-09 01:20:20.529 [info] > git symbolic-ref --short refs/remotes/origin/HEAD [9ms]
2024-08-09 01:20:20.533 [info] > git rev-parse --show-toplevel [18ms]
2024-08-09 01:20:20.533 [info] > git for-each-ref --format=%(refname)%00%(upstream:short)%00%(objectname)%00%(upstream:track)%00%(upstream:remotename)%00%(upstream:remoteref) refs/heads/master refs/remotes/master [23ms]
2024-08-09 01:20:20.542 [info] > git status -z -uall [4ms]
2024-08-09 01:20:20.543 [info] > git for-each-ref --format=%(refname)%00%(upstream:short)%00%(objectname)%00%(upstream:track)%00%(upstream:remotename)%00%(upstream:remoteref) refs/heads/origin/master refs/remotes/origin/master [10ms]
2024-08-09 01:20:20.549 [info] > git for-each-ref --format=%(refname)%00%(upstream:short)%00%(objectname)%00%(upstream:track)%00%(upstream:remotename)%00%(upstream:remoteref) refs/heads/master refs/remotes/master [22ms]
2024-08-09 01:20:20.555 [warning] ENOENT: no such file or directory, open '/home/le/Projects/gtklock/.git/refs/remotes/origin/master'
2024-08-09 01:20:20.556 [info] > git config --local branch.master.vscode-merge-base origin/master [8ms]
2024-08-09 01:20:20.557 [info] > git rev-parse --git-dir --git-common-dir [15ms]
2024-08-09 01:20:20.565 [info] Open repository: /home/le/Projects/spotify-downloader
2024-08-09 01:20:20.596 [info] > git for-each-ref --format=%(refname)%00%(upstream:short)%00%(objectname)%00%(upstream:track)%00%(upstream:remotename)%00%(upstream:remoteref) refs/heads/master refs/remotes/master [24ms]
2024-08-09 01:20:20.602 [info] > git rev-parse refs/remotes/origin/master [47ms]
2024-08-09 01:20:20.609 [info] > git config --local branch.master.vscode-merge-base [8ms]
2024-08-09 01:20:20.610 [warning] git config failed: Failed to execute git
2024-08-09 01:20:20.614 [info] > git config --get commit.template [23ms]
2024-08-09 01:20:20.615 [info] > git config --get commit.template [27ms]
2024-08-09 01:20:20.615 [info] > git config --get commit.template [33ms]
2024-08-09 01:20:20.619 [info] > git reflog master --grep-reflog=branch: Created from *. [4ms]
2024-08-09 01:20:20.637 [info] No remotes found in the git config file.
2024-08-09 01:20:20.638 [info] > git for-each-ref --format=%(refname)%00%(upstream:short)%00%(objectname)%00%(upstream:track)%00%(upstream:remotename)%00%(upstream:remoteref) refs/heads/master refs/remotes/master [9ms]
2024-08-09 01:20:20.638 [info] > git symbolic-ref --short refs/remotes/origin/HEAD [15ms]
2024-08-09 01:20:20.638 [info] fatal: ref refs/remotes/origin/HEAD is not a symbolic ref
2024-08-09 01:20:20.644 [warning] ENOENT: no such file or directory, open '/home/le/Projects/gtklock/.git/refs/remotes/origin/master'
2024-08-09 01:20:20.645 [info] > git for-each-ref --format=%(refname)%00%(upstream:short)%00%(objectname)%00%(upstream:track)%00%(upstream:remotename)%00%(upstream:remoteref) refs/heads/master refs/remotes/master [9ms]
2024-08-09 01:20:20.650 [info] > git for-each-ref --format=%(refname)%00%(upstream:short)%00%(objectname)%00%(upstream:track)%00%(upstream:remotename)%00%(upstream:remoteref) refs/heads/master refs/remotes/master [17ms]
2024-08-09 01:20:20.654 [warning] ENOENT: no such file or directory, open '/home/le/Projects/spotify-downloader/.git/refs/remotes/origin/master'
2024-08-09 01:20:20.655 [info] > git status -z -uall [6ms]
2024-08-09 01:20:20.655 [info] > git rev-parse refs/remotes/origin/master [11ms]
2024-08-09 01:20:20.660 [info] > git rev-parse refs/remotes/origin/master [6ms]
2024-08-09 01:20:20.673 [info] > git status -z -uall [14ms]
2024-08-09 01:20:20.673 [info] > git status -z -uall [9ms]
2024-08-09 01:20:20.673 [info] > git for-each-ref --format=%(refname)%00%(upstream:short)%00%(objectname)%00%(upstream:track)%00%(upstream:remotename)%00%(upstream:remoteref) refs/heads/master refs/remotes/master [3ms]
2024-08-09 01:20:20.714 [info] > git for-each-ref --format=%(refname)%00%(upstream:short)%00%(objectname)%00%(upstream:track)%00%(upstream:remotename)%00%(upstream:remoteref) refs/heads/master refs/remotes/master [13ms]
2024-08-09 01:20:20.719 [info] > git for-each-ref --format=%(refname)%00%(upstream:short)%00%(objectname)%00%(upstream:track)%00%(upstream:remotename)%00%(upstream:remoteref) refs/heads/master refs/remotes/master [33ms]
2024-08-09 01:20:20.725 [info] > git config --local branch.master.vscode-merge-base [47ms]
2024-08-09 01:20:20.725 [warning] git config failed: Failed to execute git
2024-08-09 01:20:20.735 [info] > git reflog master --grep-reflog=branch: Created from *. [6ms]
2024-08-09 01:20:20.739 [info] > git config --local branch.master.vscode-merge-base [14ms]
2024-08-09 01:20:20.740 [warning] git config failed: Failed to execute git
2024-08-09 01:20:20.744 [info] > git config --local branch.master.vscode-merge-base [25ms]
2024-08-09 01:20:20.749 [info] > git config --get commit.template [36ms]
2024-08-09 01:20:20.749 [info] > git merge-base refs/heads/master refs/remotes/origin/master [40ms]
2024-08-09 01:20:20.757 [info] > git for-each-ref --format=%(refname)%00%(upstream:short)%00%(objectname)%00%(upstream:track)%00%(upstream:remotename)%00%(upstream:remoteref) refs/heads/origin/master refs/remotes/origin/master [8ms]
2024-08-09 01:20:20.758 [info] > git reflog master --grep-reflog=branch: Created from *. [14ms]
2024-08-09 01:20:20.762 [info] > git symbolic-ref --short refs/remotes/origin/HEAD [23ms]
2024-08-09 01:20:20.762 [info] fatal: ref refs/remotes/origin/HEAD is not a symbolic ref
2024-08-09 01:20:20.767 [info] > git rev-list --count --left-right refs/heads/master...refs/remotes/origin/master [12ms]
2024-08-09 01:20:20.774 [info] > git for-each-ref --format=%(refname)%00%(upstream:short)%00%(objectname)%00%(upstream:track)%00%(upstream:remotename)%00%(upstream:remoteref) refs/heads/master refs/remotes/master [7ms]
2024-08-09 01:20:20.774 [info] > git symbolic-ref --short refs/remotes/origin/HEAD [12ms]
2024-08-09 01:20:20.784 [warning] ENOENT: no such file or directory, open '/home/le/Projects/spotify-downloader/.git/refs/remotes/origin/master'
2024-08-09 01:20:20.784 [info] > git diff --name-status -z --diff-filter=ADMR e0e7f6d5ae7667fcc3479b6732046c67275b2f2f...refs/remotes/origin/master [11ms]
2024-08-09 01:20:20.835 [info] > git rev-parse refs/remotes/origin/master [52ms]
2024-08-09 01:20:20.839 [info] > git for-each-ref --format=%(refname)%00%(upstream:short)%00%(objectname)%00%(upstream:track)%00%(upstream:remotename)%00%(upstream:remoteref) refs/heads/origin/master refs/remotes/origin/master [60ms]
2024-08-09 01:20:20.846 [info] > git status -z -uall [7ms]
2024-08-09 01:20:20.857 [info] > git for-each-ref --format=%(refname)%00%(upstream:short)%00%(objectname)%00%(upstream:track)%00%(upstream:remotename)%00%(upstream:remoteref) refs/heads/master refs/remotes/master [6ms]
2024-08-09 01:20:20.862 [info] > git config --local branch.master.vscode-merge-base origin/master [18ms]
2024-08-09 01:20:20.868 [info] > git config --local branch.master.vscode-merge-base [5ms]
2024-08-09 01:20:20.876 [info] > git for-each-ref --format=%(refname)%00%(upstream:short)%00%(objectname)%00%(upstream:track)%00%(upstream:remotename)%00%(upstream:remoteref) refs/heads/origin/master refs/remotes/origin/master [4ms]
2024-08-09 01:20:20.882 [info] > git config --get commit.template [15ms]
2024-08-09 01:20:20.888 [info] > git merge-base refs/heads/master refs/remotes/origin/master [7ms]
2024-08-09 01:20:20.894 [info] > git for-each-ref --format=%(refname)%00%(upstream:short)%00%(objectname)%00%(upstream:track)%00%(upstream:remotename)%00%(upstream:remoteref) refs/heads/master refs/remotes/master [7ms]
2024-08-09 01:20:20.898 [warning] ENOENT: no such file or directory, open '/home/le/Projects/spotify-downloader/.git/refs/remotes/origin/master'
2024-08-09 01:20:20.899 [info] > git rev-list --count --left-right refs/heads/master...refs/remotes/origin/master [5ms]
2024-08-09 01:20:20.904 [info] > git rev-parse refs/remotes/origin/master [6ms]
2024-08-09 01:20:20.910 [info] > git diff --name-status -z --diff-filter=ADMR bd388458e3d83b107a041da517d63a7f6932f81a...refs/remotes/origin/master [6ms]
2024-08-09 01:20:20.912 [info] > git status -z -uall [3ms]
2024-08-09 01:20:20.922 [info] > git for-each-ref --format=%(refname)%00%(upstream:short)%00%(objectname)%00%(upstream:track)%00%(upstream:remotename)%00%(upstream:remoteref) refs/heads/master refs/remotes/master [5ms]
2024-08-09 01:20:20.932 [info] > git config --local branch.master.vscode-merge-base [4ms]
2024-08-09 01:20:20.939 [info] > git for-each-ref --format=%(refname)%00%(upstream:short)%00%(objectname)%00%(upstream:track)%00%(upstream:remotename)%00%(upstream:remoteref) refs/heads/origin/master refs/remotes/origin/master [2ms]
2024-08-09 01:20:21.131 [info] > git check-ignore -v -z --stdin [10ms]
2024-08-09 01:20:21.132 [info] > git check-ignore -v -z --stdin [6ms]
2024-08-09 01:20:21.133 [info] > git check-ignore -v -z --stdin [3ms]
2024-08-09 01:20:22.006 [info] > git config --get commit.template [16ms]
2024-08-09 01:20:22.008 [info] > git for-each-ref --format=%(refname)%00%(upstream:short)%00%(objectname)%00%(upstream:track)%00%(upstream:remotename)%00%(upstream:remoteref) refs/heads/master refs/remotes/master [5ms]
2024-08-09 01:20:22.015 [warning] ENOENT: no such file or directory, open '/home/le/Projects/spotify-downloader/.git/refs/remotes/origin/master'
2024-08-09 01:20:22.017 [info] > git rev-parse refs/remotes/origin/master [2ms]
2024-08-09 01:20:22.027 [info] > git status -z -uall [3ms]
2024-08-09 01:20:22.038 [info] > git for-each-ref --format=%(refname)%00%(upstream:short)%00%(objectname)%00%(upstream:track)%00%(upstream:remotename)%00%(upstream:remoteref) refs/heads/master refs/remotes/master [5ms]
2024-08-09 01:20:22.046 [info] > git config --local branch.master.vscode-merge-base [4ms]
2024-08-09 01:20:22.053 [info] > git for-each-ref --format=%(refname)%00%(upstream:short)%00%(objectname)%00%(upstream:track)%00%(upstream:remotename)%00%(upstream:remoteref) refs/heads/origin/master refs/remotes/origin/master [1ms]
2024-08-09 01:20:26.855 [info] > git rev-parse --show-toplevel [2ms]
2024-08-09 01:20:52.694 [info] > git rev-parse --show-toplevel [1ms]
2024-08-09 01:21:12.653 [info] > git rev-parse --show-toplevel [3ms]
2024-08-09 01:21:23.308 [info] > git rev-parse --show-toplevel [2ms]
2024-08-09 01:21:29.350 [info] > git rev-parse --show-toplevel [4ms]
