2024-08-09 01:20:08.526 [info] Started local extension host with pid 78146.
2024-08-09 01:20:11.464 [info] [perf] Render performance baseline is 47ms
2024-08-09 01:20:15.977 [info] Started local extension host with pid 78218.
2024-08-09 01:20:18.776 [info] [perf] Render performance baseline is 46ms
2024-08-09 01:20:39.262 [error] Error: End of central directory record signature not found. Either not a zip file, or file is truncated.
    at p (/usr/share/vscodium/resources/app/out/vs/code/node/sharedProcess/sharedProcessMain.js:48:34121)
    at /usr/share/vscodium/resources/app/out/vs/code/node/sharedProcess/sharedProcessMain.js:48:35637
    at /usr/share/vscodium/resources/app/node_modules.asar/yauzl/index.js:40:7
    at /usr/share/vscodium/resources/app/node_modules.asar/yauzl/index.js:190:5
    at /usr/share/vscodium/resources/app/node_modules.asar/yauzl/index.js:712:5
    at /usr/share/vscodium/resources/app/node_modules.asar/yauzl/fd-slicer.js:33:7
    at FSReqCallback.wrapper [as oncomplete] (node:fs:666:5)
2024-08-09 01:20:39.279 [error] End of central directory record signature not found. Either not a zip file, or file is truncated.: Error: End of central directory record signature not found. Either not a zip file, or file is truncated.
    at p (/usr/share/vscodium/resources/app/out/vs/code/node/sharedProcess/sharedProcessMain.js:48:34121)
    at /usr/share/vscodium/resources/app/out/vs/code/node/sharedProcess/sharedProcessMain.js:48:35637
    at /usr/share/vscodium/resources/app/node_modules.asar/yauzl/index.js:40:7
    at /usr/share/vscodium/resources/app/node_modules.asar/yauzl/index.js:190:5
    at /usr/share/vscodium/resources/app/node_modules.asar/yauzl/index.js:712:5
    at /usr/share/vscodium/resources/app/node_modules.asar/yauzl/fd-slicer.js:33:7
    at FSReqCallback.wrapper [as oncomplete] (node:fs:666:5)
2024-08-09 01:20:59.411 [error] Error: Server returned 429
    at y (/usr/share/vscodium/resources/app/out/vs/code/node/sharedProcess/sharedProcessMain.js:67:50189)
    at N.getManifest (/usr/share/vscodium/resources/app/out/vs/code/node/sharedProcess/sharedProcessMain.js:105:212557)
    at async z.checkAndGetCompatibleVersion (/usr/share/vscodium/resources/app/out/vs/code/node/sharedProcess/sharedProcessMain.js:105:87949)
    at async /usr/share/vscodium/resources/app/out/vs/code/node/sharedProcess/sharedProcessMain.js:105:74786
    at async Promise.allSettled (index 0)
    at async z.installGalleryExtensions (/usr/share/vscodium/resources/app/out/vs/code/node/sharedProcess/sharedProcessMain.js:105:74710)
    at async z.installFromGallery (/usr/share/vscodium/resources/app/out/vs/code/node/sharedProcess/sharedProcessMain.js:105:74185)
2024-08-09 01:20:59.434 [error] Server returned 429: Error: Server returned 429
    at y (/usr/share/vscodium/resources/app/out/vs/code/node/sharedProcess/sharedProcessMain.js:67:50189)
    at N.getManifest (/usr/share/vscodium/resources/app/out/vs/code/node/sharedProcess/sharedProcessMain.js:105:212557)
    at async z.checkAndGetCompatibleVersion (/usr/share/vscodium/resources/app/out/vs/code/node/sharedProcess/sharedProcessMain.js:105:87949)
    at async /usr/share/vscodium/resources/app/out/vs/code/node/sharedProcess/sharedProcessMain.js:105:74786
    at async Promise.allSettled (index 0)
    at async z.installGalleryExtensions (/usr/share/vscodium/resources/app/out/vs/code/node/sharedProcess/sharedProcessMain.js:105:74710)
    at async z.installFromGallery (/usr/share/vscodium/resources/app/out/vs/code/node/sharedProcess/sharedProcessMain.js:105:74185)
2024-08-09 01:29:48.809 [error] Illegal argument: value: Error: Illegal argument: value
	at C (/usr/share/vscodium/resources/app/out/vs/workbench/api/node/extensionHostProcess.js:10:1359)
	at new p (/usr/share/vscodium/resources/app/out/vs/workbench/api/node/extensionHostProcess.js:100:41808)
	at new v (/usr/share/vscodium/resources/app/out/vs/workbench/api/node/extensionHostProcess.js:152:23841)
	at Object.<anonymous> (/home/le/.vscode-oss/extensions/dramforever.vscode-ghc-simple-0.2.3-universal/out/src/features/hover.js:31:39)
	at Generator.next (<anonymous>)
	at fulfilled (/home/le/.vscode-oss/extensions/dramforever.vscode-ghc-simple-0.2.3-universal/out/src/features/hover.js:5:58)
	at process.processTicksAndRejections (node:internal/process/task_queues:95:5)
2024-08-09 01:30:43.191 [error] Illegal argument: value: Error: Illegal argument: value
	at C (/usr/share/vscodium/resources/app/out/vs/workbench/api/node/extensionHostProcess.js:10:1359)
	at new p (/usr/share/vscodium/resources/app/out/vs/workbench/api/node/extensionHostProcess.js:100:41808)
	at new v (/usr/share/vscodium/resources/app/out/vs/workbench/api/node/extensionHostProcess.js:152:23841)
	at Object.<anonymous> (/home/le/.vscode-oss/extensions/dramforever.vscode-ghc-simple-0.2.3-universal/out/src/features/hover.js:31:39)
	at Generator.next (<anonymous>)
	at fulfilled (/home/le/.vscode-oss/extensions/dramforever.vscode-ghc-simple-0.2.3-universal/out/src/features/hover.js:5:58)
	at process.processTicksAndRejections (node:internal/process/task_queues:95:5)
2024-08-09 01:30:51.101 [error] Illegal argument: value: Error: Illegal argument: value
	at C (/usr/share/vscodium/resources/app/out/vs/workbench/api/node/extensionHostProcess.js:10:1359)
	at new p (/usr/share/vscodium/resources/app/out/vs/workbench/api/node/extensionHostProcess.js:100:41808)
	at new v (/usr/share/vscodium/resources/app/out/vs/workbench/api/node/extensionHostProcess.js:152:23841)
	at Object.<anonymous> (/home/le/.vscode-oss/extensions/dramforever.vscode-ghc-simple-0.2.3-universal/out/src/features/hover.js:31:39)
	at Generator.next (<anonymous>)
	at fulfilled (/home/le/.vscode-oss/extensions/dramforever.vscode-ghc-simple-0.2.3-universal/out/src/features/hover.js:5:58)
	at process.processTicksAndRejections (node:internal/process/task_queues:95:5)
2024-08-09 02:52:59.084 [warning] [File Watcher (node.js)] Watcher shutdown because watched path got deleted
