2024-08-09 01:20:08.462 [info] Added views:workbench.panel.markers.view in workbench.panel.markers
2024-08-09 01:20:08.462 [info] Added views:workbench.panel.output in workbench.panel.output
2024-08-09 01:20:08.462 [info] Added views:terminal in terminal
2024-08-09 01:20:08.462 [info] Added views:outline in workbench.view.explorer
2024-08-09 01:20:08.462 [info] Added views:workbench.scm in workbench.view.scm
2024-08-09 01:20:08.462 [info] Added views:workbench.view.search in workbench.view.search
2024-08-09 01:20:08.462 [info] Added views:timeline in workbench.view.explorer
2024-08-09 01:20:08.462 [info] Added views:workbench.explorer.emptyView in workbench.view.explorer
2024-08-09 01:20:09.097 [info] Added views:workbench.debug.welcome in workbench.view.debug
2024-08-09 01:20:09.159 [info] Added views:workbench.panel.repl.view in workbench.panel.repl
2024-08-09 01:20:09.405 [info] Added views:~remote.forwardedPorts in ~remote.forwardedPortsContainer
2024-08-09 01:20:15.872 [info] Added views:workbench.panel.markers.view in workbench.panel.markers
2024-08-09 01:20:15.872 [info] Added views:workbench.panel.output in workbench.panel.output
2024-08-09 01:20:15.872 [info] Added views:terminal in terminal
2024-08-09 01:20:15.872 [info] Added views:outline in workbench.view.explorer
2024-08-09 01:20:15.872 [info] Added views:workbench.scm in workbench.view.scm
2024-08-09 01:20:15.872 [info] Added views:workbench.view.search in workbench.view.search
2024-08-09 01:20:15.872 [info] Added views:timeline in workbench.view.explorer
2024-08-09 01:20:15.872 [info] Added views:workbench.explorer.fileView in workbench.view.explorer
2024-08-09 01:20:16.468 [info] Added views:workbench.debug.variablesView,workbench.debug.watchExpressionsView,workbench.debug.callStackView,workbench.debug.breakPointsView in workbench.view.debug
2024-08-09 01:20:16.511 [info] Added views:workbench.panel.repl.view in workbench.panel.repl
2024-08-09 01:20:16.512 [info] Removed views:workbench.debug.breakPointsView,workbench.debug.callStackView,workbench.debug.watchExpressionsView,workbench.debug.variablesView from workbench.view.debug
2024-08-09 01:20:16.513 [info] Added views:workbench.debug.welcome in workbench.view.debug
2024-08-09 01:20:16.704 [info] Added views:~remote.forwardedPorts in ~remote.forwardedPortsContainer
2024-08-09 01:20:30.644 [info] Added views:workbench.views.extensions.installed,workbench.views.extensions.popular,extensions.recommendedList in workbench.view.extensions
2024-08-09 01:20:30.649 [info] Removed views:workbench.views.extensions.popular from workbench.view.extensions
2024-08-09 01:20:30.798 [info] Added views:workbench.views.extensions.popular in workbench.view.extensions
2024-08-09 01:20:33.801 [info] Removed views:extensions.recommendedList,workbench.views.extensions.popular,workbench.views.extensions.installed from workbench.view.extensions
2024-08-09 01:20:33.814 [info] Added views:workbench.views.extensions.marketplace in workbench.view.extensions
