00:00:00.595997 VirtualBox GUI VM Selector Window 7.0.20 r163906 linux.amd64 (Jul 16 2024 13:33:48) release log
00:00:00.596000 Log opened 2024-08-16T20:13:03.008454000Z
00:00:00.596000 Build Type: release
00:00:00.596003 OS Product: Linux
00:00:00.596005 OS Release: 6.10.4-arch2-1
00:00:00.596006 OS Version: #1 SMP PREEMPT_DYNAMIC Sun, 11 Aug 2024 16:19:06 +0000
00:00:00.596034 DMI Product Name: XPS 13 9360
00:00:00.596045 DMI Product Version: 
00:00:00.596051 Firmware type: UEFI
00:00:00.596461 Secure Boot: Disabled
00:00:00.596531 Host RAM: 15589MB (15.2GB) total, 5232MB (5.1GB) available
00:00:00.596535 Executable: /usr/lib/virtualbox/VirtualBox
00:00:00.596535 Process ID: 307833
00:00:00.596536 Package type: LINUX_64BITS_GENERIC (OSE)
00:00:00.596578 Qt version: 5.15.14
00:00:00.599284 GUI: UIMediumEnumerator: Initial medium-enumeration finished!
00:00:00.620342 GUI: UIMediumEnumerator: Medium-enumeration started...
00:00:01.691833 GUI: UIMediumEnumerator: Medium-enumeration finished!
00:00:01.797378 GUI: UIDesktopWidgetWatchdog::sltHandleHostScreenAvailableGeometryCalculated: Screen 0 work area is actually resized to: 4x53 x 1592x843
00:04:06.208632 GUI: UICommon: Handling aboutToQuit request..
00:04:07.064604 GUI: UICommon: aboutToQuit request handled!
