2024-08-09 01:20:08.984 [info] Extension host with pid 78146 started
2024-08-09 01:20:09.161 [info] ExtensionService#_doActivateExtension vscode.git-base, startup: true, activationEvent: '*', root cause: vscode.git
2024-08-09 01:20:09.233 [info] ExtensionService#_doActivateExtension vscode.git, startup: true, activationEvent: '*'
2024-08-09 01:20:09.257 [info] ExtensionService#_doActivateExtension vscode.github, startup: true, activationEvent: '*'
2024-08-09 01:20:09.303 [info] Eager extensions activated
2024-08-09 01:20:09.320 [info] ExtensionService#_doActivateExtension vscode.debug-auto-launch, startup: false, activationEvent: 'onStartupFinished'
2024-08-09 01:20:09.321 [info] ExtensionService#_doActivateExtension vscode.merge-conflict, startup: false, activationEvent: 'onStartupFinished'
2024-08-09 01:20:15.261 [info] Extension host terminating: renderer closed the MessagePort
2024-08-09 01:20:15.270 [info] Extension host with pid 78146 exiting with code 0
2024-08-09 01:20:16.423 [info] Extension host with pid 78218 started
2024-08-09 01:20:16.423 [info] Skipping acquiring lock for /home/le/.config/VSCodium/User/workspaceStorage/174d68d4c46aa077fa3885ce7edb1c12.
2024-08-09 01:20:16.514 [info] ExtensionService#_doActivateExtension vscode.git-base, startup: true, activationEvent: '*'
2024-08-09 01:20:16.543 [info] ExtensionService#_doActivateExtension vscode.github, startup: true, activationEvent: '*'
2024-08-09 01:20:16.558 [info] Eager extensions activated
2024-08-09 01:20:16.563 [info] ExtensionService#_doActivateExtension vscode.debug-auto-launch, startup: false, activationEvent: 'onStartupFinished'
2024-08-09 01:20:16.564 [info] ExtensionService#_doActivateExtension vscode.merge-conflict, startup: false, activationEvent: 'onStartupFinished'
2024-08-09 01:20:20.174 [info] ExtensionService#_doActivateExtension vscode.git, startup: false, activationEvent: 'api', root cause: vscode.github
2024-08-09 01:20:20.371 [info] ExtensionService#_doActivateExtension vscode.emmet, startup: false, activationEvent: 'onLanguage'
2024-08-09 01:20:20.460 [info] ExtensionService#_doActivateExtension vscode.github-authentication, startup: false, activationEvent: 'onAuthenticationRequest:github'
2024-08-09 01:21:23.373 [info] ExtensionService#_doActivateExtension justusadam.language-haskell, startup: false, activationEvent: 'onLanguage:haskell', root cause: dramforever.vscode-ghc-simple
2024-08-09 01:21:23.505 [info] ExtensionService#_doActivateExtension dramforever.vscode-ghc-simple, startup: false, activationEvent: 'onLanguage:haskell'
2024-08-09 01:21:23.542 [info] ExtensionService#_doActivateExtension haskell.haskell, startup: false, activationEvent: 'onLanguage:haskell'
2024-08-09 01:21:29.245 [info] ExtensionService#_doActivateExtension vscode.configuration-editing, startup: false, activationEvent: 'onLanguage:jsonc'
2024-08-09 01:21:29.250 [info] ExtensionService#_doActivateExtension vscode.json-language-features, startup: false, activationEvent: 'onLanguage:jsonc'
2024-08-09 01:21:29.275 [info] ExtensionService#_doActivateExtension vscode.typescript-language-features, startup: false, activationEvent: 'onLanguage:jsonc'
2024-08-09 01:29:48.781 [error] [dramforever.vscode-ghc-simple] provider FAILED
2024-08-09 01:29:48.807 [error] Error: Illegal argument: value
	at C (/usr/share/vscodium/resources/app/out/vs/workbench/api/node/extensionHostProcess.js:10:1359)
	at new p (/usr/share/vscodium/resources/app/out/vs/workbench/api/node/extensionHostProcess.js:100:41808)
	at new v (/usr/share/vscodium/resources/app/out/vs/workbench/api/node/extensionHostProcess.js:152:23841)
	at Object.<anonymous> (/home/le/.vscode-oss/extensions/dramforever.vscode-ghc-simple-0.2.3-universal/out/src/features/hover.js:31:39)
	at Generator.next (<anonymous>)
	at fulfilled (/home/le/.vscode-oss/extensions/dramforever.vscode-ghc-simple-0.2.3-universal/out/src/features/hover.js:5:58)
	at process.processTicksAndRejections (node:internal/process/task_queues:95:5)
2024-08-09 01:29:48.956 [error] [dramforever.vscode-ghc-simple] provider FAILED
2024-08-09 01:29:48.956 [error] Error: Illegal argument: value
	at C (/usr/share/vscodium/resources/app/out/vs/workbench/api/node/extensionHostProcess.js:10:1359)
	at new p (/usr/share/vscodium/resources/app/out/vs/workbench/api/node/extensionHostProcess.js:100:41808)
	at new v (/usr/share/vscodium/resources/app/out/vs/workbench/api/node/extensionHostProcess.js:152:23841)
	at Object.<anonymous> (/home/le/.vscode-oss/extensions/dramforever.vscode-ghc-simple-0.2.3-universal/out/src/features/hover.js:31:39)
	at Generator.next (<anonymous>)
	at fulfilled (/home/le/.vscode-oss/extensions/dramforever.vscode-ghc-simple-0.2.3-universal/out/src/features/hover.js:5:58)
	at process.processTicksAndRejections (node:internal/process/task_queues:95:5)
2024-08-09 01:30:43.189 [error] [dramforever.vscode-ghc-simple] provider FAILED
2024-08-09 01:30:43.189 [error] Error: Illegal argument: value
	at C (/usr/share/vscodium/resources/app/out/vs/workbench/api/node/extensionHostProcess.js:10:1359)
	at new p (/usr/share/vscodium/resources/app/out/vs/workbench/api/node/extensionHostProcess.js:100:41808)
	at new v (/usr/share/vscodium/resources/app/out/vs/workbench/api/node/extensionHostProcess.js:152:23841)
	at Object.<anonymous> (/home/le/.vscode-oss/extensions/dramforever.vscode-ghc-simple-0.2.3-universal/out/src/features/hover.js:31:39)
	at Generator.next (<anonymous>)
	at fulfilled (/home/le/.vscode-oss/extensions/dramforever.vscode-ghc-simple-0.2.3-universal/out/src/features/hover.js:5:58)
	at process.processTicksAndRejections (node:internal/process/task_queues:95:5)
2024-08-09 01:30:51.100 [error] [dramforever.vscode-ghc-simple] provider FAILED
2024-08-09 01:30:51.100 [error] Error: Illegal argument: value
	at C (/usr/share/vscodium/resources/app/out/vs/workbench/api/node/extensionHostProcess.js:10:1359)
	at new p (/usr/share/vscodium/resources/app/out/vs/workbench/api/node/extensionHostProcess.js:100:41808)
	at new v (/usr/share/vscodium/resources/app/out/vs/workbench/api/node/extensionHostProcess.js:152:23841)
	at Object.<anonymous> (/home/le/.vscode-oss/extensions/dramforever.vscode-ghc-simple-0.2.3-universal/out/src/features/hover.js:31:39)
	at Generator.next (<anonymous>)
	at fulfilled (/home/le/.vscode-oss/extensions/dramforever.vscode-ghc-simple-0.2.3-universal/out/src/features/hover.js:5:58)
	at process.processTicksAndRejections (node:internal/process/task_queues:95:5)
