2024-08-12 06:14:18 Loading main app package /usr/lib/obsidian/obsidian.asar
2024-08-12 06:14:18 Checking for update using Github
2024-08-12 06:14:18 Success.
2024-08-12 06:14:18 Latest version is 1.6.7
2024-08-12 06:14:18 App is up to date.
2024-08-12 06:14:39 Loading main app package /usr/lib/obsidian/obsidian.asar
2024-08-12 06:14:39 Checking for update using Github
2024-08-12 06:14:39 Success.
2024-08-12 06:14:39 Latest version is 1.6.7
2024-08-12 06:14:39 App is up to date.
2024-08-12 06:31:21 Loading main app package /usr/lib/obsidian/obsidian.asar
2024-08-12 06:31:21 Checking for update using Github
2024-08-12 06:31:21 Success.
2024-08-12 06:31:21 Latest version is 1.6.7
2024-08-12 06:31:21 App is up to date.
2024-08-14 03:15:10 Loading main app package /usr/lib/obsidian/obsidian.asar
2024-08-14 03:15:11 Checking for update using Github
2024-08-14 03:15:11 Success.
2024-08-14 03:15:11 Latest version is 1.6.7
2024-08-14 03:15:11 App is up to date.
2024-08-14 03:16:02 Loading main app package /usr/lib/obsidian/obsidian.asar
2024-08-14 03:16:02 Checking for update using Github
2024-08-14 03:16:02 Success.
2024-08-14 03:16:02 Latest version is 1.6.7
2024-08-14 03:16:02 App is up to date.
2024-08-14 10:23:48 Checking for update using Github
2024-08-14 10:23:48 Success.
2024-08-14 10:23:48 Latest version is 1.6.7
2024-08-14 10:23:48 App is up to date.
2024-08-14 17:51:42 Checking for update using Github
2024-08-14 17:51:42 Success.
2024-08-14 17:51:42 Latest version is 1.6.7
2024-08-14 17:51:42 App is up to date.
2024-08-15 17:23:16 Checking for update using Github
