    OpenRGB v0.9
    Commit:  from 
    Launched: 20231220_200913
====================================================================================================

1024  |Info:    ------------------------------------------------------
1024  |Info:    |               Start device detection               |
1024  |Info:    ------------------------------------------------------
1025  |Info:    Initializing HID interfaces: Success
1038  |Info:    ------------------------------------------------------
1039  |Info:    |             Detecting I2C interfaces               |
1039  |Info:    ------------------------------------------------------
1039  |Info:    Registering I2C interface: /dev/i2c-3 Device 8086:5917 Subsystem: 1028:082A
1039  |Warning: [i2c_smbus_linux] Failed to read i2c device PCI device ID
1039  |Info:    Registering I2C interface: /dev/i2c-DLL082A:01 Device 0000:0000 Subsystem: 0000:0000
1040  |Warning: [i2c_smbus_linux] Failed to read i2c device PCI device ID
1040  |Info:    Registering I2C interface: /dev/i2c-6 Device 0000:0000 Subsystem: 0000:0000
1040  |Info:    Registering I2C interface: /dev/i2c-2 Device 8086:9D23 Subsystem: 1028:082A
1040  |Warning: [i2c_smbus_linux] Failed to read i2c device PCI device ID
1041  |Info:    Registering I2C interface: /dev/i2c-7 Device 0000:0000 Subsystem: 0000:0000
1041  |Info:    ------------------------------------------------------
1041  |Info:    |               Detecting I2C devices                |
1041  |Info:    ------------------------------------------------------
1055  |Info:    ------------------------------------------------------
1055  |Info:    |               Detecting I2C PCI devices            |
1055  |Info:    ------------------------------------------------------
1057  |Info:    ------------------------------------------------------
1057  |Info:    |               Detecting HID devices                |
1057  |Info:    ------------------------------------------------------
1057  |Info:    ------------------------------------------------------
1058  |Info:    |            Detecting libusb HID devices            |
1058  |Info:    ------------------------------------------------------
1074  |Info:    ------------------------------------------------------
1074  |Info:    |              Detecting other devices               |
1074  |Info:    ------------------------------------------------------
1084  |Info:    ------------------------------------------------------
1084  |Info:    |                Detection completed                 |
1084  |Info:    ------------------------------------------------------
1084  |Dialog:  <h2>WARNING:</h2><p>One or more I2C/SMBus interfaces failed to initialize.</p><p>RGB DRAM modules and some motherboards' onboard RGB lighting will not be available without I2C/SMBus.</p><p>On Linux, this is usually because the i2c-dev module is not loaded.  You must load the i2c-dev module along with the correct i2c driver for your motherboard.  This is usually i2c-piix4 for AMD systems and i2c-i801 for Intel systems.</p><p>See <a href='https://help.openrgb.org/'>help.openrgb.org</a> for additional troubleshooting steps if you keep seeing this message.<br></p>
