    OpenRGB v0.9
    Commit:  from 
    Launched: 20231220_213926
====================================================================================================

1013  |Info:    ------------------------------------------------------
1013  |Info:    |               Start device detection               |
1013  |Info:    ------------------------------------------------------
1014  |Info:    Initializing HID interfaces: Success
1021  |Info:    ------------------------------------------------------
1022  |Info:    |             Detecting I2C interfaces               |
1022  |Info:    ------------------------------------------------------
1022  |Info:    Registering I2C interface: /dev/i2c-3 Device 8086:5917 Subsystem: 1028:082A
1022  |Warning: [i2c_smbus_linux] Failed to read i2c device PCI device ID
1022  |Info:    Registering I2C interface: /dev/i2c-DLL082A:01 Device 0000:0000 Subsystem: 0000:0000
1022  |Warning: [i2c_smbus_linux] Failed to read i2c device PCI device ID
1022  |Info:    Registering I2C interface: /dev/i2c-6 Device 0000:0000 Subsystem: 0000:0000
1022  |Info:    Registering I2C interface: /dev/i2c-2 Device 8086:9D23 Subsystem: 1028:082A
1022  |Warning: [i2c_smbus_linux] Failed to read i2c device PCI device ID
1022  |Info:    Registering I2C interface: /dev/i2c-7 Device 0000:0000 Subsystem: 0000:0000
1022  |Info:    ------------------------------------------------------
1022  |Info:    |               Detecting I2C devices                |
1022  |Info:    ------------------------------------------------------
1061  |Info:    ------------------------------------------------------
1061  |Info:    |               Detecting I2C PCI devices            |
1061  |Info:    ------------------------------------------------------
1063  |Info:    ------------------------------------------------------
1063  |Info:    |               Detecting HID devices                |
1063  |Info:    ------------------------------------------------------
1064  |Info:    ------------------------------------------------------
1064  |Info:    |            Detecting libusb HID devices            |
1064  |Info:    ------------------------------------------------------
1079  |Info:    ------------------------------------------------------
1079  |Info:    |              Detecting other devices               |
1079  |Info:    ------------------------------------------------------
1093  |Info:    ------------------------------------------------------
1093  |Info:    |                Detection completed                 |
1093  |Info:    ------------------------------------------------------
1093  |Dialog:  <h2>WARNING:</h2><p>One or more I2C/SMBus interfaces failed to initialize.</p><p>RGB DRAM modules and some motherboards' onboard RGB lighting will not be available without I2C/SMBus.</p><p>On Linux, this is usually because the i2c-dev module is not loaded.  You must load the i2c-dev module along with the correct i2c driver for your motherboard.  This is usually i2c-piix4 for AMD systems and i2c-i801 for Intel systems.</p><p>See <a href='https://help.openrgb.org/'>help.openrgb.org</a> for additional troubleshooting steps if you keep seeing this message.<br></p>
