2024-08-10 02:18:49.0630000 [client] INFO Finding haskell-language-server
2024-08-10 02:18:49.0650000 [client] INFO Checking for ghcup installation
2024-08-10 02:18:49.0720000 [client] INFO found ghcup at ghcup
2024-08-10 02:18:49.0730000 [client] INFO Executing 'ghcup --no-verbose upgrade' in cwd '/home/le'
2024-08-10 02:18:49.6720000 [client] INFO Checking for ghcup installation
2024-08-10 02:18:49.6800000 [client] INFO found ghcup at ghcup
2024-08-10 02:18:49.6810000 [client] INFO Executing 'ghcup --no-verbose list -t hls -c installed -r' in cwd '/home/le'
2024-08-10 02:18:49.9880000 [client] INFO Checking for ghcup installation
2024-08-10 02:18:49.9940000 [client] INFO found ghcup at ghcup
2024-08-10 02:18:49.9960000 [client] INFO Executing 'ghcup --no-verbose list -t hls -c available -r' in cwd '/home/le'
2024-08-10 02:18:50.2950000 [client] INFO Checking for ghcup installation
2024-08-10 02:18:50.3020000 [client] INFO found ghcup at ghcup
2024-08-10 02:18:50.3030000 [client] INFO Executing 'ghcup --no-verbose list -t cabal -c installed -r' in cwd '/home/le'
2024-08-10 02:18:50.5490000 [client] INFO Checking for ghcup installation
2024-08-10 02:18:50.5530000 [client] INFO found ghcup at ghcup
2024-08-10 02:18:50.5540000 [client] INFO Executing 'ghcup --no-verbose list -t cabal -c available -r' in cwd '/home/le'
2024-08-10 02:18:50.7700000 [client] INFO Checking for ghcup installation
2024-08-10 02:18:50.7750000 [client] INFO found ghcup at ghcup
2024-08-10 02:18:50.7780000 [client] INFO Executing 'ghcup --no-verbose list -t stack -c installed -r' in cwd '/home/le'
2024-08-10 02:18:50.9460000 [client] INFO Checking for ghcup installation
2024-08-10 02:18:50.9500000 [client] INFO found ghcup at ghcup
2024-08-10 02:18:50.9500000 [client] INFO Executing 'ghcup --no-verbose list -t stack -c available -r' in cwd '/home/le'
2024-08-10 02:18:51.1110000 [client] INFO Checking for ghcup installation
2024-08-10 02:18:51.1150000 [client] INFO found ghcup at ghcup
2024-08-10 02:18:51.1160000 [client] INFO Executing 'ghcup --no-verbose whereis hls 2.9.0.1' in cwd '/home/le'
2024-08-10 02:18:51.1300000 [client] ERROR Error executing 'ghcup --no-verbose whereis hls 2.9.0.1' with error code 30
2024-08-10 02:18:51.1300000 [client] ERROR stderr: [1m[ Error ][0m []8;;https://errors.haskell.org/messages/GHCup-00130\GHCup-00130]8;;\] The version '2.9.0.1' of the tool hls is not installed.

2024-08-10 02:18:51.1310000 [client] INFO Checking for ghcup installation
2024-08-10 02:18:51.1350000 [client] INFO found ghcup at ghcup
2024-08-10 02:18:51.1360000 [client] INFO Executing 'ghcup --no-verbose whereis cabal 3.12.1.0' in cwd '/home/le'
2024-08-10 02:18:51.1500000 [client] ERROR Error executing 'ghcup --no-verbose whereis cabal 3.12.1.0' with error code 30
2024-08-10 02:18:51.1500000 [client] ERROR stderr: [1m[ Error ][0m []8;;https://errors.haskell.org/messages/GHCup-00130\GHCup-00130]8;;\] The version '3.12.1.0' of the tool cabal is not installed.

2024-08-10 02:18:51.1510000 [client] INFO Checking for ghcup installation
2024-08-10 02:18:51.1540000 [client] INFO found ghcup at ghcup
2024-08-10 02:18:51.1550000 [client] INFO Executing 'ghcup --no-verbose whereis stack 2.15.7' in cwd '/home/le'
2024-08-10 02:18:51.1700000 [client] ERROR Error executing 'ghcup --no-verbose whereis stack 2.15.7' with error code 30
2024-08-10 02:18:51.1700000 [client] ERROR stderr: [1m[ Error ][0m []8;;https://errors.haskell.org/messages/GHCup-00130\GHCup-00130]8;;\] The version '2.15.7' of the tool stack is not installed.

2024-08-10 02:18:51.1740000 [client] INFO Executing 'ghc --numeric-version' in cwd '/home/le'
2024-08-10 03:42:24.6400000 [client] ERROR Internal Error: Canceled
2024-08-10 03:42:24.6400000 [client] ERROR Canceled: Canceled
	at Object.c [as canceled] (/usr/share/vscodium/resources/app/out/vs/workbench/api/node/extensionHostProcess.js:10:1297)
	at /usr/share/vscodium/resources/app/out/vs/workbench/api/node/extensionHostProcess.js:151:3083
	at Array.forEach (<anonymous>)
	at y.dispose (/usr/share/vscodium/resources/app/out/vs/workbench/api/node/extensionHostProcess.js:151:2987)
	at m.terminate (/usr/share/vscodium/resources/app/out/vs/workbench/api/node/extensionHostProcess.js:160:10540)
	at h.terminate (/usr/share/vscodium/resources/app/out/vs/workbench/api/node/extensionHostProcess.js:164:1908)
	at i (/usr/share/vscodium/resources/app/out/vs/workbench/api/node/extensionHostProcess.js:177:12354)
	at MessagePortMain.<anonymous> (/usr/share/vscodium/resources/app/out/vs/workbench/api/node/extensionHostProcess.js:177:8164)
	at MessagePortMain.emit (node:events:514:28)
	at MessagePortMain._internalPort.emit (node:electron/js2c/utility_init:2:2285)
