2023-12-23 04:39:11.924 [info] Log level: Info
2023-12-23 04:39:11.924 [info] Validating found git in: "git"
2023-12-23 04:39:11.924 [info] Using git "2.41.0" from "git"
2023-12-23 04:39:11.924 [info] > git rev-parse --show-toplevel [7ms]
2023-12-23 04:39:11.924 [info] fatal: not a git repository (or any of the parent directories): .git
2023-12-23 04:39:11.924 [info] > git rev-parse --show-toplevel [5ms]
2023-12-23 04:39:11.924 [info] fatal: not a git repository (or any parent up to mount point /)
Stopping at filesystem boundary (GIT_DISCOVERY_ACROSS_FILESYSTEM not set).
2023-12-23 04:39:11.924 [info] > git rev-parse --show-toplevel [4ms]
2023-12-23 04:39:11.924 [info] fatal: not a git repository (or any parent up to mount point /)
Stopping at filesystem boundary (GIT_DISCOVERY_ACROSS_FILESYSTEM not set).
2023-12-23 04:39:11.924 [info] > git rev-parse --show-toplevel [12ms]
2023-12-23 04:39:11.924 [info] fatal: not a git repository (or any parent up to mount point /)
Stopping at filesystem boundary (GIT_DISCOVERY_ACROSS_FILESYSTEM not set).
2023-12-23 04:39:11.925 [info] > git rev-parse --show-toplevel [7ms]
2023-12-23 04:39:11.925 [info] fatal: not a git repository (or any of the parent directories): .git
2023-12-23 04:39:11.934 [info] > git rev-parse --show-toplevel [2ms]
2023-12-23 04:39:11.934 [info] fatal: not a git repository (or any of the parent directories): .git
2023-12-23 04:39:11.946 [info] > git rev-parse --show-toplevel [4ms]
2023-12-23 04:39:11.946 [info] fatal: not a git repository (or any parent up to mount point /)
Stopping at filesystem boundary (GIT_DISCOVERY_ACROSS_FILESYSTEM not set).
2023-12-23 04:39:11.956 [info] > git rev-parse --show-toplevel [2ms]
2023-12-23 04:39:11.956 [info] fatal: not a git repository (or any of the parent directories): .git
