2024-08-09 19:18:49.332 [info] Log level: Info
2024-08-09 19:18:49.332 [info] Validating found git in: "git"
2024-08-09 19:18:49.332 [info] Using git "2.46.0" from "git"
2024-08-09 19:18:49.332 [info] > git rev-parse --show-toplevel [15ms]
2024-08-09 19:18:49.333 [info] > git rev-parse --show-toplevel [17ms]
2024-08-09 19:18:49.346 [info] > git rev-parse --show-toplevel [4ms]
2024-08-09 19:18:49.353 [info] > git rev-parse --show-toplevel [1ms]
2024-08-09 19:18:49.362 [info] > git rev-parse --show-toplevel [2ms]
2024-08-09 19:18:49.368 [info] > git rev-parse --show-toplevel [2ms]
2024-08-09 19:18:49.382 [info] > git rev-parse --show-toplevel [2ms]
2024-08-09 19:18:49.388 [info] > git rev-parse --show-toplevel [1ms]
2024-08-09 19:18:49.400 [info] > git rev-parse --show-toplevel [3ms]
2024-08-09 19:18:49.408 [info] > git rev-parse --git-dir --git-common-dir [1ms]
2024-08-09 19:18:49.435 [info] Open repository: /home/le/Projects/gtklock
2024-08-09 19:18:49.467 [info] > git rev-parse --show-toplevel [13ms]
2024-08-09 19:18:49.469 [info] > git config --get commit.template [19ms]
2024-08-09 19:18:49.505 [info] > git rev-parse --show-toplevel [3ms]
2024-08-09 19:18:49.505 [info] > git for-each-ref --format=%(refname)%00%(upstream:short)%00%(objectname)%00%(upstream:track)%00%(upstream:remotename)%00%(upstream:remoteref) refs/heads/master refs/remotes/master [12ms]
2024-08-09 19:18:49.521 [warning] ENOENT: no such file or directory, open '/home/le/Projects/gtklock/.git/refs/remotes/origin/master'
2024-08-09 19:18:49.524 [info] > git rev-parse refs/remotes/origin/master [3ms]
2024-08-09 19:18:49.534 [info] > git rev-parse --git-dir --git-common-dir [17ms]
2024-08-09 19:18:49.542 [info] Open repository: /home/le/Projects/home-manager
2024-08-09 19:18:49.562 [info] > git status -z -uall [28ms]
2024-08-09 19:18:49.585 [info] > git for-each-ref --format=%(refname)%00%(upstream:short)%00%(objectname)%00%(upstream:track)%00%(upstream:remotename)%00%(upstream:remoteref) refs/heads/master refs/remotes/master [14ms]
2024-08-09 19:18:49.592 [info] > git rev-parse --show-toplevel [33ms]
2024-08-09 19:18:49.594 [info] > git config --get commit.template [40ms]
2024-08-09 19:18:49.603 [info] > git config --local branch.master.vscode-merge-base [12ms]
2024-08-09 19:18:49.611 [info] > git config --get commit.template [26ms]
2024-08-09 19:18:49.631 [info] No remotes found in the git config file.
2024-08-09 19:18:49.639 [info] > git for-each-ref --format=%(refname)%00%(upstream:short)%00%(objectname)%00%(upstream:track)%00%(upstream:remotename)%00%(upstream:remoteref) refs/heads/origin/master refs/remotes/origin/master [29ms]
2024-08-09 19:18:49.658 [info] > git merge-base refs/heads/master refs/remotes/origin/master [10ms]
2024-08-09 19:18:49.667 [info] > git rev-parse --show-toplevel [28ms]
2024-08-09 19:18:49.667 [info] > git for-each-ref --format=%(refname)%00%(upstream:short)%00%(objectname)%00%(upstream:track)%00%(upstream:remotename)%00%(upstream:remoteref) refs/heads/master refs/remotes/master [36ms]
2024-08-09 19:18:49.712 [info] > git status -z -uall [41ms]
2024-08-09 19:18:49.721 [info] > git rev-list --count --left-right refs/heads/master...refs/remotes/origin/master [54ms]
2024-08-09 19:18:49.729 [info] > git for-each-ref --format=%(refname)%00%(upstream:short)%00%(objectname)%00%(upstream:track)%00%(upstream:remotename)%00%(upstream:remoteref) refs/heads/master refs/remotes/master [73ms]
2024-08-09 19:18:49.748 [warning] ENOENT: no such file or directory, open '/home/le/Projects/gtklock/.git/refs/remotes/origin/master'
2024-08-09 19:18:49.750 [info] > git diff --name-status -z --diff-filter=ADMR e0e7f6d5ae7667fcc3479b6732046c67275b2f2f...refs/remotes/origin/master [22ms]
2024-08-09 19:18:49.752 [info] > git for-each-ref --format=%(refname)%00%(upstream:short)%00%(objectname)%00%(upstream:track)%00%(upstream:remotename)%00%(upstream:remoteref) refs/heads/master refs/remotes/master [33ms]
2024-08-09 19:18:49.758 [info] > git rev-parse --git-dir --git-common-dir [48ms]
2024-08-09 19:18:49.766 [info] Open repository: /home/le/Projects/spotify-downloader
2024-08-09 19:18:49.775 [info] > git config --local branch.master.vscode-merge-base [16ms]
2024-08-09 19:18:49.775 [warning] git config failed: Failed to execute git
2024-08-09 19:18:49.780 [info] > git rev-parse refs/remotes/origin/master [32ms]
2024-08-09 19:18:49.785 [info] > git config --get commit.template [46ms]
2024-08-09 19:18:49.787 [info] > git status -z -uall [2ms]
2024-08-09 19:18:49.787 [info] > git reflog master --grep-reflog=branch: Created from *. [7ms]
2024-08-09 19:18:49.792 [info] > git config --get commit.template [18ms]
2024-08-09 19:18:49.809 [info] No remotes found in the git config file.
2024-08-09 19:18:49.811 [info] > git symbolic-ref --short refs/remotes/origin/HEAD [20ms]
2024-08-09 19:18:49.811 [info] fatal: ref refs/remotes/origin/HEAD is not a symbolic ref
2024-08-09 19:18:49.830 [info] > git for-each-ref --format=%(refname)%00%(upstream:short)%00%(objectname)%00%(upstream:track)%00%(upstream:remotename)%00%(upstream:remoteref) refs/heads/master refs/remotes/master [11ms]
2024-08-09 19:18:49.839 [info] > git for-each-ref --format=%(refname)%00%(upstream:short)%00%(objectname)%00%(upstream:track)%00%(upstream:remotename)%00%(upstream:remoteref) refs/heads/master refs/remotes/master [30ms]
2024-08-09 19:18:49.854 [info] > git status -z -uall [7ms]
2024-08-09 19:18:49.868 [info] > git config --local branch.master.vscode-merge-base [30ms]
2024-08-09 19:18:49.880 [info] > git for-each-ref --format=%(refname)%00%(upstream:short)%00%(objectname)%00%(upstream:track)%00%(upstream:remotename)%00%(upstream:remoteref) refs/heads/master refs/remotes/master [52ms]
2024-08-09 19:18:49.891 [warning] ENOENT: no such file or directory, open '/home/le/Projects/spotify-downloader/.git/refs/remotes/origin/master'
2024-08-09 19:18:49.893 [info] > git for-each-ref --format=%(refname)%00%(upstream:short)%00%(objectname)%00%(upstream:track)%00%(upstream:remotename)%00%(upstream:remoteref) refs/heads/origin/master refs/remotes/origin/master [14ms]
2024-08-09 19:18:49.894 [info] > git for-each-ref --format=%(refname)%00%(upstream:short)%00%(objectname)%00%(upstream:track)%00%(upstream:remotename)%00%(upstream:remoteref) refs/heads/master refs/remotes/master [29ms]
2024-08-09 19:18:49.900 [info] > git rev-parse refs/remotes/origin/master [9ms]
2024-08-09 19:18:49.911 [info] > git config --local branch.master.vscode-merge-base [12ms]
2024-08-09 19:18:49.911 [warning] git config failed: Failed to execute git
2024-08-09 19:18:49.945 [info] > git status -z -uall [36ms]
2024-08-09 19:18:49.945 [info] > git reflog master --grep-reflog=branch: Created from *. [28ms]
2024-08-09 19:18:49.981 [info] > git for-each-ref --format=%(refname)%00%(upstream:short)%00%(objectname)%00%(upstream:track)%00%(upstream:remotename)%00%(upstream:remoteref) refs/heads/master refs/remotes/master [24ms]
2024-08-09 19:18:49.987 [info] > git symbolic-ref --short refs/remotes/origin/HEAD [37ms]
2024-08-09 19:18:49.987 [info] fatal: ref refs/remotes/origin/HEAD is not a symbolic ref
2024-08-09 19:18:50.016 [info] > git config --local branch.master.vscode-merge-base [29ms]
2024-08-09 19:18:50.033 [info] > git config --get commit.template [61ms]
2024-08-09 19:18:50.041 [info] > git for-each-ref --format=%(refname)%00%(upstream:short)%00%(objectname)%00%(upstream:track)%00%(upstream:remotename)%00%(upstream:remoteref) refs/heads/origin/master refs/remotes/origin/master [9ms]
2024-08-09 19:18:50.080 [info] > git merge-base refs/heads/master refs/remotes/origin/master [27ms]
2024-08-09 19:18:50.087 [info] > git for-each-ref --format=%(refname)%00%(upstream:short)%00%(objectname)%00%(upstream:track)%00%(upstream:remotename)%00%(upstream:remoteref) refs/heads/master refs/remotes/master [47ms]
2024-08-09 19:18:50.093 [warning] ENOENT: no such file or directory, open '/home/le/Projects/spotify-downloader/.git/refs/remotes/origin/master'
2024-08-09 19:18:50.094 [info] > git rev-list --count --left-right refs/heads/master...refs/remotes/origin/master [8ms]
2024-08-09 19:18:50.106 [info] > git diff --name-status -z --diff-filter=ADMR bd388458e3d83b107a041da517d63a7f6932f81a...refs/remotes/origin/master [6ms]
2024-08-09 19:18:50.107 [info] > git rev-parse refs/remotes/origin/master [14ms]
2024-08-09 19:18:50.131 [info] > git status -z -uall [3ms]
2024-08-09 19:18:50.150 [info] > git for-each-ref --format=%(refname)%00%(upstream:short)%00%(objectname)%00%(upstream:track)%00%(upstream:remotename)%00%(upstream:remoteref) refs/heads/master refs/remotes/master [10ms]
2024-08-09 19:18:50.157 [info] > git config --local branch.master.vscode-merge-base [2ms]
2024-08-09 19:18:50.168 [info] > git for-each-ref --format=%(refname)%00%(upstream:short)%00%(objectname)%00%(upstream:track)%00%(upstream:remotename)%00%(upstream:remoteref) refs/heads/origin/master refs/remotes/origin/master [3ms]
2024-08-09 19:18:50.368 [info] > git check-ignore -v -z --stdin [15ms]
2024-08-09 19:18:50.369 [info] > git check-ignore -v -z --stdin [11ms]
2024-08-09 19:18:50.369 [info] > git check-ignore -v -z --stdin [2ms]
2024-08-09 19:18:50.445 [info] > git rev-parse --show-toplevel [1ms]
