{"level":30,"time":"2024-08-16T00:55:34.550Z","msg":"config/set: Saving ephemeral config to disk"}
{"level":30,"time":"2024-08-16T00:55:34.567Z","msg":"config/set: Saved ephemeral config to disk"}
{"level":30,"time":"2024-08-16T00:55:34.568Z","msg":"initializing localeOverride setting null"}
{"level":30,"time":"2024-08-16T00:55:34.568Z","msg":"app.ready: hour cycle preference: UnknownPreference"}
{"level":30,"time":"2024-08-16T00:55:34.568Z","msg":"app.ready: preferred system locales: en-US, en"}
{"level":30,"time":"2024-08-16T00:55:34.569Z","msg":"locale: Supported locales: af-ZA, ar, az-AZ, bg-BG, bn-BD, bs-BA, ca, cs, da, de, el, en, es, et-EE, eu, fa-IR, fi, fr, ga-IE, gl-ES, gu-IN, he, hi-IN, hr-HR, hu, id, it, ja, ka-GE, kk-KZ, km-KH, kn-IN, ko, ky-KG, lt-LT, lv-LV, mk-MK, ml-IN, mr-IN, ms, my, nb, nl, pa-IN, pl, pt-BR, pt-PT, ro-RO, ru, sk-SK, sl-SI, sq-AL, sr, sv, sw, ta-IN, te-IN, th, tl-PH, tr, ug, uk-UA, ur, vi, yue, zh-CN, zh-HK, zh-Hant"}
{"level":30,"time":"2024-08-16T00:55:34.569Z","msg":"locale: Preferred locales: en-US, en"}
{"level":30,"time":"2024-08-16T00:55:34.569Z","msg":"locale: Locale Override: null"}
{"level":30,"time":"2024-08-16T00:55:34.575Z","msg":"locale: Matched locale: en"}
{"level":40,"time":"2024-08-16T00:55:34.646Z","msg":"intl.onWarn [@formatjs/intl] \"defaultRichTextElements\" was specified but \"message\" was not pre-compiled. \nPlease consider using \"@formatjs/cli\" to pre-compile your messages for performance.\nFor more details see https://formatjs.io/docs/getting-started/message-distribution"}
{"level":30,"time":"2024-08-16T00:55:34.646Z","msg":"locale: Text info direction for en: ltr"}
{"level":40,"time":"2024-08-16T00:55:34.647Z","msg":"getSQLKey: got key from config, but it wasn't a string"}
{"level":30,"time":"2024-08-16T00:55:34.647Z","msg":"key/initialize: Generating new encryption key, since we did not find it on disk"}
{"level":30,"time":"2024-08-16T00:55:34.648Z","msg":"getSQLKey: updating plaintext key in the config"}
{"level":30,"time":"2024-08-16T00:55:34.648Z","msg":"config/set: Saving user config to disk"}
{"level":30,"time":"2024-08-16T00:55:34.654Z","msg":"config/set: Saved user config to disk"}
{"level":30,"time":"2024-08-16T00:55:34.655Z","msg":"getSystemTraySetting got no value, returning Uninitialized"}
{"level":30,"time":"2024-08-16T00:55:34.655Z","msg":"config/set: Saving ephemeral config to disk"}
{"level":30,"time":"2024-08-16T00:55:34.662Z","msg":"config/set: Saved ephemeral config to disk"}
{"level":30,"time":"2024-08-16T00:55:34.663Z","msg":"app.ready: setting system-tray-setting to DoNotUseSystemTray"}
{"level":30,"time":"2024-08-16T00:55:34.663Z","msg":"config/set: Saving ephemeral config to disk"}
{"level":30,"time":"2024-08-16T00:55:34.672Z","msg":"config/set: Saved ephemeral config to disk"}
{"level":30,"time":"2024-08-16T00:55:34.674Z","msg":"app ready"}
{"level":30,"time":"2024-08-16T00:55:34.674Z","msg":"starting version 7.19.0"}
{"level":30,"time":"2024-08-16T00:55:34.674Z","msg":"media access status [object Undefined] [object Undefined]"}
{"level":30,"time":"2024-08-16T00:55:34.683Z","msg":"config/set: Saving ephemeral config to disk"}
{"level":30,"time":"2024-08-16T00:55:34.689Z","msg":"config/set: Saved ephemeral config to disk"}
{"level":30,"time":"2024-08-16T00:55:34.689Z","msg":"saving theme-setting value system"}
{"level":30,"time":"2024-08-16T00:55:34.690Z","msg":"config/set: Saving ephemeral config to disk"}
{"level":30,"time":"2024-08-16T00:55:34.696Z","msg":"config/set: Saved ephemeral config to disk"}
{"level":30,"time":"2024-08-16T00:55:34.696Z","msg":"initializing spellcheck setting true"}
{"level":50,"time":"2024-08-16T00:55:34.696Z","msg":"visibleOnAnyScreen: windowOptions didn't have valid bounds fields"}
{"level":30,"time":"2024-08-16T00:55:34.696Z","msg":"Location reset needed"}
{"level":30,"time":"2024-08-16T00:55:34.697Z","msg":"Initializing BrowserWindow config: {\"show\":false,\"width\":800,\"height\":610,\"minWidth\":300,\"minHeight\":200,\"autoHideMenuBar\":false,\"titleBarStyle\":\"default\",\"backgroundColor\":\"#3a76f0\",\"webPreferences\":{\"devTools\":false,\"spellcheck\":true,\"enableBlinkFeatures\":\"CSSPseudoDir,CSSLogical\",\"enablePreferredSizeMode\":true,\"nodeIntegration\":false,\"nodeIntegrationInWorker\":false,\"sandbox\":false,\"contextIsolation\":true,\"preload\":\"[REDACTED]/preload.bundle.js\",\"backgroundThrottling\":true,\"disableBlinkFeatures\":\"Accelerated2dCanvas,AcceleratedSmallCanvases\"},\"icon\":\"[REDACTED]/images/signal-logo-desktop-linux.png\"}"}
{"level":30,"time":"2024-08-16T00:55:34.805Z","msg":"spellcheck: user locales: [\"en-US\",\"en\"]"}
{"level":30,"time":"2024-08-16T00:55:34.806Z","msg":"spellcheck: available spellchecker languages: [\"af\",\"bg\",\"ca\",\"cs\",\"cy\",\"da\",\"de\",\"de-DE\",\"el\",\"en\",\"en-AU\",\"en-CA\",\"en-GB\",\"en-GB-oxendict\",\"en-US\",\"es\",\"es-419\",\"es-AR\",\"es-ES\",\"es-MX\",\"es-US\",\"et\",\"fa\",\"fo\",\"fr\",\"fr-FR\",\"he\",\"hi\",\"hr\",\"hu\",\"hy\",\"id\",\"it\",\"it-IT\",\"ko\",\"lt\",\"lv\",\"nb\",\"nl\",\"pl\",\"pt\",\"pt-BR\",\"pt-PT\",\"ro\",\"ru\",\"sh\",\"sk\",\"sl\",\"sq\",\"sr\",\"sv\",\"ta\",\"tg\",\"tr\",\"uk\",\"vi\"]"}
{"level":30,"time":"2024-08-16T00:55:34.806Z","msg":"spellcheck: setting languages to: [\"en-US\",\"en\"]"}
{"level":30,"time":"2024-08-16T00:55:34.808Z","msg":"spellcheck: dictionary download begin: en-US"}
{"level":30,"time":"2024-08-16T00:55:34.808Z","msg":"spellcheck: dictionary download begin: en"}
{"level":30,"time":"2024-08-16T00:55:34.893Z","msg":"spellcheck: dictionary download success: en-US"}
{"level":30,"time":"2024-08-16T00:55:34.895Z","msg":"spellcheck: dictionary download success: en"}
{"level":30,"time":"2024-08-16T00:55:34.896Z","msg":"spellcheck: dictionary initialized: en"}
{"level":30,"time":"2024-08-16T00:55:34.896Z","msg":"spellcheck: dictionary initialized: en-US"}
{"level":30,"time":"2024-08-16T00:55:34.937Z","msg":"MainSQL: migrateSchemaVersion: Migrating from schema_version 0 to user_version 0"}
{"level":30,"time":"2024-08-16T00:55:34.946Z","msg":"MainSQL: updateSchema:\n  Current user_version: 0;\n  Most recent db schema: 1130;\n  SQLite version: 3.42.0;\n  SQLCipher version: 4.5.5 community;\n  (deprecated) schema_version: 0;\n"}
{"level":30,"time":"2024-08-16T00:55:34.946Z","msg":"MainSQL: updateToSchemaVersion1: starting..."}
{"level":30,"time":"2024-08-16T00:55:34.953Z","msg":"MainSQL: updateToSchemaVersion1: success!"}
{"level":30,"time":"2024-08-16T00:55:34.953Z","msg":"MainSQL: updateToSchemaVersion2: starting..."}
{"level":30,"time":"2024-08-16T00:55:34.958Z","msg":"MainSQL: updateToSchemaVersion2: success!"}
{"level":30,"time":"2024-08-16T00:55:34.958Z","msg":"MainSQL: updateToSchemaVersion3: starting..."}
{"level":30,"time":"2024-08-16T00:55:34.964Z","msg":"MainSQL: updateToSchemaVersion3: success!"}
{"level":30,"time":"2024-08-16T00:55:34.964Z","msg":"MainSQL: updateToSchemaVersion4: starting..."}
{"level":30,"time":"2024-08-16T00:55:34.969Z","msg":"MainSQL: updateToSchemaVersion4: success!"}
{"level":30,"time":"2024-08-16T00:55:34.970Z","msg":"MainSQL: updateToSchemaVersion6: starting..."}
{"level":30,"time":"2024-08-16T00:55:34.976Z","msg":"MainSQL: updateToSchemaVersion6: success!"}
{"level":30,"time":"2024-08-16T00:55:34.976Z","msg":"MainSQL: updateToSchemaVersion7: starting..."}
{"level":30,"time":"2024-08-16T00:55:34.982Z","msg":"MainSQL: updateToSchemaVersion7: success!"}
{"level":30,"time":"2024-08-16T00:55:34.982Z","msg":"MainSQL: updateToSchemaVersion8: starting..."}
{"level":30,"time":"2024-08-16T00:55:34.990Z","msg":"MainSQL: updateToSchemaVersion8: success!"}
{"level":30,"time":"2024-08-16T00:55:34.990Z","msg":"MainSQL: updateToSchemaVersion9: starting..."}
{"level":30,"time":"2024-08-16T00:55:34.996Z","msg":"MainSQL: updateToSchemaVersion9: success!"}
{"level":30,"time":"2024-08-16T00:55:34.996Z","msg":"MainSQL: updateToSchemaVersion10: starting..."}
{"level":30,"time":"2024-08-16T00:55:35.002Z","msg":"MainSQL: updateToSchemaVersion10: success!"}
{"level":30,"time":"2024-08-16T00:55:35.002Z","msg":"MainSQL: updateToSchemaVersion11: starting..."}
{"level":30,"time":"2024-08-16T00:55:35.007Z","msg":"MainSQL: updateToSchemaVersion11: success!"}
{"level":30,"time":"2024-08-16T00:55:35.007Z","msg":"MainSQL: updateToSchemaVersion12: starting..."}
{"level":30,"time":"2024-08-16T00:55:35.013Z","msg":"MainSQL: updateToSchemaVersion12: success!"}
{"level":30,"time":"2024-08-16T00:55:35.013Z","msg":"MainSQL: updateToSchemaVersion13: starting..."}
{"level":30,"time":"2024-08-16T00:55:35.018Z","msg":"MainSQL: updateToSchemaVersion13: success!"}
{"level":30,"time":"2024-08-16T00:55:35.018Z","msg":"MainSQL: updateToSchemaVersion14: starting..."}
{"level":30,"time":"2024-08-16T00:55:35.023Z","msg":"MainSQL: updateToSchemaVersion14: success!"}
{"level":30,"time":"2024-08-16T00:55:35.024Z","msg":"MainSQL: updateToSchemaVersion15: starting..."}
{"level":30,"time":"2024-08-16T00:55:35.030Z","msg":"MainSQL: updateToSchemaVersion15: success!"}
{"level":30,"time":"2024-08-16T00:55:35.030Z","msg":"MainSQL: updateToSchemaVersion16: starting..."}
{"level":30,"time":"2024-08-16T00:55:35.037Z","msg":"MainSQL: updateToSchemaVersion16: success!"}
{"level":30,"time":"2024-08-16T00:55:35.037Z","msg":"MainSQL: updateToSchemaVersion17: starting..."}
{"level":30,"time":"2024-08-16T00:55:35.048Z","msg":"MainSQL: updateToSchemaVersion17: success!"}
{"level":30,"time":"2024-08-16T00:55:35.048Z","msg":"MainSQL: updateToSchemaVersion18: starting..."}
{"level":30,"time":"2024-08-16T00:55:35.054Z","msg":"MainSQL: updateToSchemaVersion18: success!"}
{"level":30,"time":"2024-08-16T00:55:35.054Z","msg":"MainSQL: updateToSchemaVersion19: starting..."}
{"level":30,"time":"2024-08-16T00:55:35.062Z","msg":"MainSQL: updateToSchemaVersion19: success!"}
{"level":30,"time":"2024-08-16T00:55:35.062Z","msg":"MainSQL: updateToSchemaVersion20: starting..."}
{"level":30,"time":"2024-08-16T00:55:35.073Z","msg":"MainSQL: updateToSchemaVersion20: success!"}
{"level":30,"time":"2024-08-16T00:55:35.079Z","msg":"MainSQL: updateToSchemaVersion21: success!"}
{"level":30,"time":"2024-08-16T00:55:35.085Z","msg":"MainSQL: updateToSchemaVersion22: success!"}
{"level":30,"time":"2024-08-16T00:55:35.091Z","msg":"MainSQL: updateToSchemaVersion23: success!"}
{"level":30,"time":"2024-08-16T00:55:35.098Z","msg":"MainSQL: updateToSchemaVersion24: success!"}
{"level":30,"time":"2024-08-16T00:55:35.111Z","msg":"MainSQL: updateToSchemaVersion25: success!"}
{"level":30,"time":"2024-08-16T00:55:35.118Z","msg":"MainSQL: updateToSchemaVersion26: success!"}
{"level":30,"time":"2024-08-16T00:55:35.124Z","msg":"MainSQL: updateToSchemaVersion27: success!"}
{"level":30,"time":"2024-08-16T00:55:35.131Z","msg":"MainSQL: updateToSchemaVersion28: success!"}
{"level":30,"time":"2024-08-16T00:55:35.138Z","msg":"MainSQL: updateToSchemaVersion29: success!"}
{"level":30,"time":"2024-08-16T00:55:35.144Z","msg":"MainSQL: updateToSchemaVersion30: success!"}
{"level":30,"time":"2024-08-16T00:55:35.144Z","msg":"MainSQL: updateToSchemaVersion31: starting..."}
{"level":30,"time":"2024-08-16T00:55:35.156Z","msg":"MainSQL: updateToSchemaVersion31: success!"}
{"level":30,"time":"2024-08-16T00:55:35.164Z","msg":"MainSQL: updateToSchemaVersion32: success!"}
{"level":30,"time":"2024-08-16T00:55:35.173Z","msg":"MainSQL: updateToSchemaVersion33: success!"}
{"level":30,"time":"2024-08-16T00:55:35.180Z","msg":"MainSQL: updateToSchemaVersion34: success!"}
{"level":30,"time":"2024-08-16T00:55:35.187Z","msg":"MainSQL: updateToSchemaVersion35: success!"}
{"level":30,"time":"2024-08-16T00:55:35.193Z","msg":"MainSQL: updateToSchemaVersion36: success!"}
{"level":30,"time":"2024-08-16T00:55:35.203Z","msg":"MainSQL: updateToSchemaVersion37: success!"}
{"level":30,"time":"2024-08-16T00:55:35.229Z","msg":"MainSQL: updateToSchemaVersion38: success!"}
{"level":30,"time":"2024-08-16T00:55:35.242Z","msg":"MainSQL: updateToSchemaVersion39: success!"}
{"level":30,"time":"2024-08-16T00:55:35.247Z","msg":"MainSQL: updateToSchemaVersion40: success!"}
{"level":30,"time":"2024-08-16T00:55:35.271Z","msg":"MainSQL: updateToSchemaVersion41: success!"}
{"level":30,"time":"2024-08-16T00:55:35.277Z","msg":"MainSQL: updateToSchemaVersion42: success!"}
{"level":30,"time":"2024-08-16T00:55:35.279Z","msg":"MainSQL: updateToSchemaVersion43: About to iterate through 0 conversations"}
{"level":30,"time":"2024-08-16T00:55:35.279Z","msg":"MainSQL: updateToSchemaVersion43: About to iterate through 0 messages"}
{"level":30,"time":"2024-08-16T00:55:35.280Z","msg":"MainSQL: updateToSchemaVersion43: Updated 0 messages"}
{"level":30,"time":"2024-08-16T00:55:35.285Z","msg":"MainSQL: updateToSchemaVersion43: success!"}
{"level":30,"time":"2024-08-16T00:55:35.292Z","msg":"MainSQL: updateToSchemaVersion44: success!"}
{"level":30,"time":"2024-08-16T00:55:35.304Z","msg":"MainSQL: updateToSchemaVersion45: success!"}
{"level":30,"time":"2024-08-16T00:55:35.311Z","msg":"MainSQL: updateToSchemaVersion46: success!"}
{"level":30,"time":"2024-08-16T00:55:35.320Z","msg":"MainSQL: updateToSchemaVersion47: our UUID not found"}
{"level":30,"time":"2024-08-16T00:55:35.326Z","msg":"MainSQL: updateToSchemaVersion47: success!"}
{"level":30,"time":"2024-08-16T00:55:35.331Z","msg":"MainSQL: updateToSchemaVersion48: success!"}
{"level":30,"time":"2024-08-16T00:55:35.336Z","msg":"MainSQL: updateToSchemaVersion49: success!"}
{"level":30,"time":"2024-08-16T00:55:35.341Z","msg":"MainSQL: updateToSchemaVersion50: success!"}
{"level":30,"time":"2024-08-16T00:55:35.347Z","msg":"MainSQL: updateToSchemaVersion51: success!"}
{"level":30,"time":"2024-08-16T00:55:35.352Z","msg":"MainSQL: updateToSchemaVersion52: success!"}
{"level":30,"time":"2024-08-16T00:55:35.353Z","msg":"MainSQL: updateToSchemaVersion53: About to iterate through 0 conversations"}
{"level":30,"time":"2024-08-16T00:55:35.353Z","msg":"MainSQL: updateToSchemaVersion53: Updated 0 conversations"}
{"level":30,"time":"2024-08-16T00:55:35.358Z","msg":"MainSQL: updateToSchemaVersion53: success!"}
{"level":30,"time":"2024-08-16T00:55:35.363Z","msg":"MainSQL: updateToSchemaVersion54: success!"}
{"level":30,"time":"2024-08-16T00:55:35.369Z","msg":"MainSQL: updateToSchemaVersion55: success!"}
{"level":30,"time":"2024-08-16T00:55:35.376Z","msg":"MainSQL: updateToSchemaVersion56: success!"}
{"level":30,"time":"2024-08-16T00:55:35.381Z","msg":"MainSQL: updateToSchemaVersion57: success!"}
{"level":30,"time":"2024-08-16T00:55:35.387Z","msg":"MainSQL: updateToSchemaVersion58: success!"}
{"level":30,"time":"2024-08-16T00:55:35.393Z","msg":"MainSQL: updateToSchemaVersion59: success!"}
{"level":30,"time":"2024-08-16T00:55:35.398Z","msg":"MainSQL: updateToSchemaVersion60: success!"}
{"level":30,"time":"2024-08-16T00:55:35.421Z","msg":"MainSQL: updateToSchemaVersion61: success!"}
{"level":30,"time":"2024-08-16T00:55:35.427Z","msg":"MainSQL: updateToSchemaVersion62: success!"}
{"level":30,"time":"2024-08-16T00:55:35.434Z","msg":"MainSQL: updateToSchemaVersion63: success!"}
{"level":30,"time":"2024-08-16T00:55:35.442Z","msg":"MainSQL: updateToSchemaVersion64: success!"}
{"level":30,"time":"2024-08-16T00:55:35.454Z","msg":"MainSQL: updateToSchemaVersion65: success!"}
{"level":30,"time":"2024-08-16T00:55:35.460Z","msg":"MainSQL: updateToSchemaVersion66: success!"}
{"level":30,"time":"2024-08-16T00:55:35.466Z","msg":"MainSQL: updateToSchemaVersion67: success!"}
{"level":30,"time":"2024-08-16T00:55:35.480Z","msg":"MainSQL: updateToSchemaVersion68: success!"}
{"level":30,"time":"2024-08-16T00:55:35.485Z","msg":"MainSQL: updateToSchemaVersion69: success!"}
{"level":30,"time":"2024-08-16T00:55:35.490Z","msg":"MainSQL: updateToSchemaVersion70: success!"}
{"level":30,"time":"2024-08-16T00:55:35.507Z","msg":"MainSQL: updateToSchemaVersion71: success!"}
{"level":30,"time":"2024-08-16T00:55:35.513Z","msg":"MainSQL: updateToSchemaVersion72: success!"}
{"level":30,"time":"2024-08-16T00:55:35.531Z","msg":"MainSQL: updateToSchemaVersion73: success!"}
{"level":30,"time":"2024-08-16T00:55:35.536Z","msg":"MainSQL: updateToSchemaVersion74: success!"}
{"level":30,"time":"2024-08-16T00:55:35.541Z","msg":"MainSQL: updateToSchemaVersion75: success!"}
{"level":30,"time":"2024-08-16T00:55:35.551Z","msg":"MainSQL: updateToSchemaVersion76: success!"}
{"level":30,"time":"2024-08-16T00:55:35.558Z","msg":"MainSQL: updateToSchemaVersion77: success!"}
{"level":30,"time":"2024-08-16T00:55:35.564Z","msg":"MainSQL: updateToSchemaVersion78: success!"}
{"level":30,"time":"2024-08-16T00:55:35.569Z","msg":"MainSQL: updateToSchemaVersion79: success!"}
{"level":30,"time":"2024-08-16T00:55:35.575Z","msg":"MainSQL: updateToSchemaVersion80: success!"}
{"level":30,"time":"2024-08-16T00:55:35.592Z","msg":"MainSQL: updateToSchemaVersion81: success!"}
{"level":30,"time":"2024-08-16T00:55:35.602Z","msg":"MainSQL: updateToSchemaVersion82: success!"}
{"level":30,"time":"2024-08-16T00:55:35.608Z","msg":"MainSQL: updateToSchemaVersion83: success!"}
{"level":30,"time":"2024-08-16T00:55:35.614Z","msg":"MainSQL: updateToSchemaVersion84: success!"}
{"level":30,"time":"2024-08-16T00:55:35.620Z","msg":"MainSQL: updateToSchemaVersion85: success!"}
{"level":30,"time":"2024-08-16T00:55:35.625Z","msg":"MainSQL: updateToSchemaVersion86: success!"}
{"level":30,"time":"2024-08-16T00:55:35.625Z","msg":"MainSQL: updateToSchemaVersion87(cleanup)/kyberPreKeys: Our PNI not found"}
{"level":30,"time":"2024-08-16T00:55:35.625Z","msg":"MainSQL: updateToSchemaVersion87(cleanup)/preKeys: Our PNI not found"}
{"level":30,"time":"2024-08-16T00:55:35.626Z","msg":"MainSQL: updateToSchemaVersion87(cleanup)/signedPreKeys: Our PNI not found"}
{"level":30,"time":"2024-08-16T00:55:35.626Z","msg":"MainSQL: updateToSchemaVersion87(cleanup): success!"}
{"level":30,"time":"2024-08-16T00:55:35.676Z","msg":"MainSQL: updateToSchemaVersion88: updating 0 conversations"}
{"level":30,"time":"2024-08-16T00:55:35.676Z","msg":"MainSQL: updateToSchemaVersion88: Our UUID not found"}
{"level":30,"time":"2024-08-16T00:55:35.676Z","msg":"MainSQL: updateToSchemaVersion88: Our PNI not found"}
{"level":30,"time":"2024-08-16T00:55:35.676Z","msg":"MainSQL: updateToSchemaVersion88: updating 0 sessions"}
{"level":30,"time":"2024-08-16T00:55:35.677Z","msg":"MainSQL: updateToSchemaVersion88: updating messages"}
{"level":30,"time":"2024-08-16T00:55:35.677Z","msg":"MainSQL: updateToSchemaVersion88: updated 0 messages"}
{"level":30,"time":"2024-08-16T00:55:35.677Z","msg":"MainSQL: updateToSchemaVersion88: updating 0 preKeys"}
{"level":30,"time":"2024-08-16T00:55:35.677Z","msg":"MainSQL: updateToSchemaVersion88: updating 0 signedPreKeys"}
{"level":30,"time":"2024-08-16T00:55:35.677Z","msg":"MainSQL: updateToSchemaVersion88: updating 0 kyberPreKeys"}
{"level":30,"time":"2024-08-16T00:55:35.677Z","msg":"MainSQL: updateToSchemaVersion88: updated 0 jobs"}
{"level":30,"time":"2024-08-16T00:55:35.682Z","msg":"MainSQL: updateToSchemaVersion88: success!"}
{"level":30,"time":"2024-08-16T00:55:35.695Z","msg":"MainSQL: updateToSchemaVersion89: success!"}
{"level":30,"time":"2024-08-16T00:55:35.701Z","msg":"MainSQL: updateToSchemaVersion90: removed screenshotData from 0 message"}
{"level":30,"time":"2024-08-16T00:55:35.701Z","msg":"MainSQL: updateToSchemaVersion90: success!"}
{"level":30,"time":"2024-08-16T00:55:35.713Z","msg":"MainSQL: updateToSchemaVersion91: Found 0 keys"}
{"level":30,"time":"2024-08-16T00:55:35.719Z","msg":"MainSQL: updateToSchemaVersion91: success!"}
{"level":30,"time":"2024-08-16T00:55:35.719Z","msg":"MainSQL: updateToSchemaVersion920/kyberPreKeys: Our PNI not found"}
{"level":30,"time":"2024-08-16T00:55:35.719Z","msg":"MainSQL: updateToSchemaVersion920/signedPreKeys: Our PNI not found"}
{"level":30,"time":"2024-08-16T00:55:35.719Z","msg":"MainSQL: updateToSchemaVersion920: Done with deletions"}
{"level":30,"time":"2024-08-16T00:55:35.724Z","msg":"MainSQL: updateToSchemaVersion920: user_version set to 920. Starting vacuum..."}
{"level":30,"time":"2024-08-16T00:55:35.744Z","msg":"MainSQL: updateToSchemaVersion920: Vacuum complete."}
{"level":30,"time":"2024-08-16T00:55:35.745Z","msg":"MainSQL: updateToSchemaVersion920: success!"}
{"level":30,"time":"2024-08-16T00:55:35.750Z","msg":"MainSQL: updateToSchemaVersion930: success!"}
{"level":30,"time":"2024-08-16T00:55:35.755Z","msg":"MainSQL: updateToSchemaVersion940: success!"}
{"level":30,"time":"2024-08-16T00:55:35.760Z","msg":"MainSQL: updateToSchemaVersion950: success!"}
{"level":30,"time":"2024-08-16T00:55:35.762Z","msg":"MainSQL: updateToSchemaVersion960: Our ACI not found"}
{"level":30,"time":"2024-08-16T00:55:35.762Z","msg":"MainSQL: updateToSchemaVersion960: not running, pni is normalized"}
{"level":30,"time":"2024-08-16T00:55:35.762Z","msg":"MainSQL: updateToSchemaVersion960: success!"}
{"level":30,"time":"2024-08-16T00:55:35.767Z","msg":"MainSQL: updateToSchemaVersion970: success! fts optimize took 5ms"}
{"level":30,"time":"2024-08-16T00:55:35.778Z","msg":"MainSQL: updateToSchemaVersion980: success!"}
{"level":30,"time":"2024-08-16T00:55:35.783Z","msg":"MainSQL: updateToSchemaVersion990: success!"}
{"level":30,"time":"2024-08-16T00:55:35.788Z","msg":"MainSQL: updateToSchemaVersion1000: success!"}
{"level":30,"time":"2024-08-16T00:55:35.794Z","msg":"MainSQL: updateToSchemaVersion1010: success!"}
{"level":30,"time":"2024-08-16T00:55:35.794Z","msg":"MainSQL: updateToSchemaVersion1020: not linked"}
{"level":30,"time":"2024-08-16T00:55:35.799Z","msg":"MainSQL: updateToSchemaVersion1020: success!"}
{"level":30,"time":"2024-08-16T00:55:35.825Z","msg":"MainSQL: updateToSchemaVersion1030: success!"}
{"level":30,"time":"2024-08-16T00:55:35.825Z","msg":"MainSQL: updateToSchemaVersion1040: loaded 0 existing jobs"}
{"level":30,"time":"2024-08-16T00:55:35.830Z","msg":"MainSQL: updateToSchemaVersion1040: transferred 0 rows, removed 0"}
{"level":30,"time":"2024-08-16T00:55:35.840Z","msg":"MainSQL: updateToSchemaVersion1040: success!"}
{"level":30,"time":"2024-08-16T00:55:35.846Z","msg":"MainSQL: updateToSchemaVersion1050: success!"}
{"level":30,"time":"2024-08-16T00:55:35.858Z","msg":"MainSQL: updateToSchemaVersion1060: success!"}
{"level":30,"time":"2024-08-16T00:55:35.869Z","msg":"MainSQL: updateToSchemaVersion1070: success!"}
{"level":30,"time":"2024-08-16T00:55:35.880Z","msg":"MainSQL: updateToSchemaVersion1080: success!"}
{"level":30,"time":"2024-08-16T00:55:35.891Z","msg":"MainSQL: updateToSchemaVersion1090: success!"}
{"level":30,"time":"2024-08-16T00:55:35.903Z","msg":"MainSQL: updateToSchemaVersion1100: success!"}
{"level":30,"time":"2024-08-16T00:55:35.919Z","msg":"MainSQL: updateToSchemaVersion1110: success!"}
{"level":30,"time":"2024-08-16T00:55:35.930Z","msg":"MainSQL: updateToSchemaVersion1120: success!"}
{"level":30,"time":"2024-08-16T00:55:35.941Z","msg":"MainSQL: updateToSchemaVersion1130: success!"}
{"level":30,"time":"2024-08-16T00:55:35.941Z","msg":"MainSQL: enableFTS5SecureDelete: enabling"}
{"level":30,"time":"2024-08-16T00:55:35.946Z","msg":"MainSQL: updateSchema: optimize took 0ms"}
{"level":30,"time":"2024-08-16T00:55:36.566Z","msg":"got fast theme-setting value system"}
{"level":30,"time":"2024-08-16T00:55:37.353Z","msg":"got fast spellcheck setting true"}
{"level":30,"time":"2024-08-16T00:55:37.359Z","msg":"System tray service: created"}
{"level":30,"time":"2024-08-16T00:55:37.359Z","msg":"System tray service: updating main window. Previously, there was not a window, and now there is"}
{"level":30,"time":"2024-08-16T00:55:37.359Z","msg":"System tray service: rendering no tray"}
{"level":30,"time":"2024-08-16T00:55:37.359Z","msg":"Begin ensuring permissions"}
{"level":30,"time":"2024-08-16T00:55:37.361Z","msg":"Ensuring file permissions for 4 files"}
{"level":30,"time":"2024-08-16T00:55:37.362Z","msg":"Finish ensuring permissions in 2ms"}
{"level":30,"time":"2024-08-16T00:55:37.366Z","msg":"main window is ready-to-show"}
{"level":30,"time":"2024-08-16T00:55:37.366Z","msg":"showing main window"}
{"level":30,"time":"2024-08-16T00:55:37.372Z","msg":"System tray service: rendering no tray"}
{"level":30,"time":"2024-08-16T00:55:37.482Z","msg":"deleteAllBadges: deleted 0 files"}
{"level":30,"time":"2024-08-16T00:55:37.484Z","msg":"MainSQL: removeKnownStickers: About to iterate through 0 stickers"}
{"level":30,"time":"2024-08-16T00:55:37.484Z","msg":"MainSQL: removeKnownStickers: Done processing 0 stickers"}
{"level":30,"time":"2024-08-16T00:55:37.484Z","msg":"deleteAllStickers: deleted 0 files"}
{"level":30,"time":"2024-08-16T00:55:37.485Z","msg":"MainSQL: removeKnownDraftAttachments: About to iterate through 0 conversations"}
{"level":30,"time":"2024-08-16T00:55:37.486Z","msg":"MainSQL: removeKnownDraftAttachments: Done processing 0 conversations"}
{"level":30,"time":"2024-08-16T00:55:37.486Z","msg":"deleteAllDraftAttachments: deleted 0 files"}
{"level":30,"time":"2024-08-16T00:55:37.486Z","msg":"cleanupOrphanedAttachments: found 0 attachments on disk"}
{"level":30,"time":"2024-08-16T00:55:37.487Z","msg":"MainSQL: getKnownConversationAttachments: About to iterate through 0"}
{"level":30,"time":"2024-08-16T00:55:37.487Z","msg":"MainSQL: getKnownConversationAttachments: Done processing"}
{"level":30,"time":"2024-08-16T00:55:37.487Z","msg":"cleanupOrphanedAttachments: found 0 conversation attachments (0 missing), 0 remain"}
{"level":30,"time":"2024-08-16T00:55:37.488Z","msg":"cleanupOrphanedAttachments: took 23ms"}
{"level":30,"time":"2024-08-16T00:55:37.489Z","msg":"MainSQL: pageMessages(9c6838d87b01aa80): Starting iteration through 0 messages"}
{"level":30,"time":"2024-08-16T00:55:37.541Z","msg":"MainSQL: finishPageMessages(9c6838d87b01aa80): reached the end after processing 0 messages"}
{"level":30,"time":"2024-08-16T00:55:37.541Z","msg":"cleanupOrphanedAttachments: found 0 message attachments, (0 missing) 0 remain"}
{"level":30,"time":"2024-08-16T00:55:37.541Z","msg":"deleteAll: deleted 0 files"}
{"level":30,"time":"2024-08-16T00:55:37.541Z","msg":"deleteOrphanedAttachments: took 53ms"}
{"level":30,"time":"2024-08-16T00:55:37.549Z","msg":"updater/start: Updates disabled - not starting new version checks"}
{"level":30,"time":"2024-08-16T00:55:37.552Z","msg":"Prevent display sleep service: allowing display sleep"}
{"level":30,"time":"2024-08-16T00:55:37.552Z","msg":"Background throttling enabled because no call is active"}
{"level":30,"time":"2024-08-16T00:55:37.885Z","msg":"Updating BrowserWindow config: %s {\"maximized\":true,\"autoHideMenuBar\":false,\"fullscreen\":false,\"width\":1592,\"height\":843,\"x\":4,\"y\":53}"}
{"level":30,"time":"2024-08-16T00:55:37.886Z","msg":"config/set: Saving ephemeral config to disk"}
{"level":30,"time":"2024-08-16T00:55:37.891Z","msg":"config/set: Saved ephemeral config to disk"}
{"level":40,"time":"2024-08-16T00:56:32.386Z","msg":"MainSQL: Database log code=17: statement aborts at 13: [\n      SELECT *\n      FROM items\n      WHERE id = $id;] database schema has changed"}
{"level":40,"time":"2024-08-16T00:56:32.387Z","msg":"MainSQL: Database log code=17: statement aborts at 7: [SELECT json FROM identityKeys;] database schema has changed"}
{"level":40,"time":"2024-08-16T00:56:32.387Z","msg":"MainSQL: Database log code=17: statement aborts at 13: [\n      SELECT *\n      FROM items\n      WHERE id = $id;] database schema has changed"}
{"level":30,"time":"2024-08-16T00:56:32.919Z","msg":"MainSQL: slow query bulkAddKyberPreKeys duration=42ms"}
{"level":30,"time":"2024-08-16T00:56:33.945Z","msg":"App loaded - time: 59273"}
{"level":30,"time":"2024-08-16T00:56:33.945Z","msg":"SQL init - time: 1312"}
{"level":30,"time":"2024-08-16T00:56:33.945Z","msg":"Preload - time: 767"}
{"level":30,"time":"2024-08-16T00:56:33.945Z","msg":"WebSocket connect - time: 56625"}
{"level":30,"time":"2024-08-16T00:56:33.945Z","msg":"Processed count: 0"}
{"level":30,"time":"2024-08-16T00:56:33.946Z","msg":"Messages per second: 0"}
{"level":30,"time":"2024-08-16T00:56:39.399Z","msg":"MainSQL: slow query updateConversations duration=48ms"}
{"level":50,"time":"2024-08-16T00:56:39.890Z","msg":"Error occurred in handler for 'sql-channel:write': {}"}
{"level":30,"time":"2024-08-16T01:16:56.659Z","msg":"System tray service: setting unread count to 1"}
{"level":30,"time":"2024-08-16T01:16:56.660Z","msg":"System tray service: rendering no tray"}
{"level":30,"time":"2024-08-16T01:16:56.787Z","msg":"Approving request for permission 'notifications'"}
{"level":30,"time":"2024-08-16T01:29:34.788Z","msg":"MainSQL: slow query getNextAttachmentDownloadJobs duration=51ms"}
{"level":30,"time":"2024-08-16T02:20:20.319Z","msg":"createHTTPSAgent.createConnection(updates2.signal.org): connected to IPv4 addr after 108ms (attempts v4=1 v6=0)"}
{"level":30,"time":"2024-08-16T02:20:20.387Z","msg":"System tray service: setting unread count to 0"}
{"level":30,"time":"2024-08-16T02:20:20.387Z","msg":"System tray service: rendering no tray"}
{"level":30,"time":"2024-08-16T02:40:38.143Z","msg":"MainSQL: slow query createOrUpdateItem duration=42ms"}
{"level":30,"time":"2024-08-16T02:49:35.405Z","msg":"MainSQL: slow query commitDecryptResult duration=42ms"}
{"level":30,"time":"2024-08-16T02:49:36.423Z","msg":"System tray service: setting unread count to 1"}
{"level":30,"time":"2024-08-16T02:49:36.423Z","msg":"System tray service: rendering no tray"}
{"level":30,"time":"2024-08-16T02:49:36.537Z","msg":"Approving request for permission 'notifications'"}
{"level":30,"time":"2024-08-16T02:49:41.526Z","msg":"System tray service: setting unread count to 2"}
{"level":30,"time":"2024-08-16T02:49:41.527Z","msg":"System tray service: rendering no tray"}
{"level":30,"time":"2024-08-16T02:49:41.638Z","msg":"Approving request for permission 'notifications'"}
{"level":30,"time":"2024-08-16T02:50:38.148Z","msg":"MainSQL: slow query createOrUpdateItem duration=45ms"}
{"level":30,"time":"2024-08-16T02:54:18.861Z","msg":"MainSQL: slow query commitDecryptResult duration=40ms"}
{"level":30,"time":"2024-08-16T02:54:21.180Z","msg":"System tray service: setting unread count to 3"}
{"level":30,"time":"2024-08-16T02:54:21.180Z","msg":"System tray service: rendering no tray"}
{"level":30,"time":"2024-08-16T02:54:21.271Z","msg":"Approving request for permission 'notifications'"}
{"level":30,"time":"2024-08-16T02:55:23.385Z","msg":"System tray service: setting unread count to 4"}
{"level":30,"time":"2024-08-16T02:55:23.385Z","msg":"System tray service: rendering no tray"}
{"level":30,"time":"2024-08-16T02:55:23.482Z","msg":"Approving request for permission 'notifications'"}
{"level":30,"time":"2024-08-16T02:55:48.014Z","msg":"System tray service: setting unread count to 5"}
{"level":30,"time":"2024-08-16T02:55:48.015Z","msg":"System tray service: rendering no tray"}
{"level":30,"time":"2024-08-16T02:55:48.110Z","msg":"Approving request for permission 'notifications'"}
{"level":30,"time":"2024-08-16T02:56:28.052Z","msg":"System tray service: setting unread count to 6"}
{"level":30,"time":"2024-08-16T02:56:28.052Z","msg":"System tray service: rendering no tray"}
{"level":30,"time":"2024-08-16T02:56:28.148Z","msg":"Approving request for permission 'notifications'"}
{"level":30,"time":"2024-08-16T02:56:55.191Z","msg":"System tray service: setting unread count to 7"}
{"level":30,"time":"2024-08-16T02:56:55.191Z","msg":"System tray service: rendering no tray"}
{"level":30,"time":"2024-08-16T02:56:55.292Z","msg":"Approving request for permission 'notifications'"}
{"level":30,"time":"2024-08-16T02:57:03.482Z","msg":"System tray service: setting unread count to 8"}
{"level":30,"time":"2024-08-16T02:57:03.482Z","msg":"System tray service: rendering no tray"}
{"level":30,"time":"2024-08-16T02:57:03.576Z","msg":"Approving request for permission 'notifications'"}
{"level":30,"time":"2024-08-16T02:57:08.575Z","msg":"System tray service: setting unread count to 9"}
{"level":30,"time":"2024-08-16T02:57:08.575Z","msg":"System tray service: rendering no tray"}
{"level":30,"time":"2024-08-16T02:57:08.678Z","msg":"Approving request for permission 'notifications'"}
{"level":30,"time":"2024-08-16T02:59:10.369Z","msg":"MainSQL: slow query commitDecryptResult duration=41ms"}
{"level":30,"time":"2024-08-16T02:59:24.206Z","msg":"System tray service: setting unread count to 10"}
{"level":30,"time":"2024-08-16T02:59:24.206Z","msg":"System tray service: rendering no tray"}
{"level":30,"time":"2024-08-16T02:59:24.301Z","msg":"Approving request for permission 'notifications'"}
{"level":30,"time":"2024-08-16T03:00:14.459Z","msg":"System tray service: setting unread count to 11"}
{"level":30,"time":"2024-08-16T03:00:14.459Z","msg":"System tray service: rendering no tray"}
{"level":30,"time":"2024-08-16T03:00:14.547Z","msg":"Approving request for permission 'notifications'"}
{"level":30,"time":"2024-08-16T03:00:25.922Z","msg":"System tray service: setting unread count to 12"}
{"level":30,"time":"2024-08-16T03:00:25.922Z","msg":"System tray service: rendering no tray"}
{"level":30,"time":"2024-08-16T03:00:26.016Z","msg":"Approving request for permission 'notifications'"}
{"level":30,"time":"2024-08-16T03:04:19.860Z","msg":"got fast theme-setting value system"}
{"level":30,"time":"2024-08-16T03:04:19.989Z","msg":"got fast theme-setting value system"}
{"level":30,"time":"2024-08-16T03:04:55.915Z","msg":"System tray service: setting unread count to 14"}
{"level":30,"time":"2024-08-16T03:04:55.916Z","msg":"System tray service: rendering no tray"}
{"level":30,"time":"2024-08-16T03:04:56.674Z","msg":"Approving request for permission 'notifications'"}
{"level":30,"time":"2024-08-16T03:05:00.633Z","msg":"System tray service: setting unread count to 12"}
{"level":30,"time":"2024-08-16T03:05:00.633Z","msg":"System tray service: rendering no tray"}
{"level":30,"time":"2024-08-16T03:05:09.634Z","msg":"MainSQL: deleteSentProtoRecipient: Successfully shared phone number with [REDACTED]537 through message 1723777502697"}
{"level":30,"time":"2024-08-16T03:05:09.634Z","msg":"MainSQL: deleteSentProtoRecipient: Deleting proto payload for timestamp 1723777502697"}
{"level":30,"time":"2024-08-16T03:06:39.928Z","msg":"System tray service: setting unread count to 13"}
{"level":30,"time":"2024-08-16T03:06:39.928Z","msg":"System tray service: rendering no tray"}
{"level":30,"time":"2024-08-16T03:06:40.037Z","msg":"Approving request for permission 'notifications'"}
{"level":30,"time":"2024-08-16T03:07:55.976Z","msg":"System tray service: setting unread count to 12"}
{"level":30,"time":"2024-08-16T03:07:55.976Z","msg":"System tray service: rendering no tray"}
{"level":30,"time":"2024-08-16T03:08:50.423Z","msg":"System tray service: setting unread count to 13"}
{"level":30,"time":"2024-08-16T03:08:50.423Z","msg":"System tray service: rendering no tray"}
{"level":30,"time":"2024-08-16T03:08:50.509Z","msg":"Approving request for permission 'notifications'"}
{"level":30,"time":"2024-08-16T03:16:12.535Z","msg":"System tray service: setting unread count to 14"}
{"level":30,"time":"2024-08-16T03:16:12.535Z","msg":"System tray service: rendering no tray"}
{"level":30,"time":"2024-08-16T03:16:12.636Z","msg":"Approving request for permission 'notifications'"}
{"level":30,"time":"2024-08-16T03:18:23.963Z","msg":"System tray service: setting unread count to 15"}
{"level":30,"time":"2024-08-16T03:18:23.963Z","msg":"System tray service: rendering no tray"}
{"level":30,"time":"2024-08-16T03:18:24.079Z","msg":"Approving request for permission 'notifications'"}
{"level":30,"time":"2024-08-16T03:18:43.354Z","msg":"System tray service: setting unread count to 16"}
{"level":30,"time":"2024-08-16T03:18:43.354Z","msg":"System tray service: rendering no tray"}
{"level":30,"time":"2024-08-16T03:18:43.461Z","msg":"Approving request for permission 'notifications'"}
{"level":30,"time":"2024-08-16T03:23:21.990Z","msg":"System tray service: setting unread count to 17"}
{"level":30,"time":"2024-08-16T03:23:21.991Z","msg":"System tray service: rendering no tray"}
{"level":30,"time":"2024-08-16T03:23:22.120Z","msg":"Approving request for permission 'notifications'"}
{"level":30,"time":"2024-08-16T03:23:48.706Z","msg":"System tray service: setting unread count to 18"}
{"level":30,"time":"2024-08-16T03:23:48.707Z","msg":"System tray service: rendering no tray"}
{"level":30,"time":"2024-08-16T03:23:48.836Z","msg":"Approving request for permission 'notifications'"}
{"level":30,"time":"2024-08-16T03:24:05.998Z","msg":"System tray service: setting unread count to 19"}
{"level":30,"time":"2024-08-16T03:24:05.998Z","msg":"System tray service: rendering no tray"}
{"level":30,"time":"2024-08-16T03:24:06.099Z","msg":"Approving request for permission 'notifications'"}
{"level":30,"time":"2024-08-16T03:24:12.295Z","msg":"System tray service: setting unread count to 20"}
{"level":30,"time":"2024-08-16T03:24:12.295Z","msg":"System tray service: rendering no tray"}
{"level":30,"time":"2024-08-16T03:24:12.397Z","msg":"Approving request for permission 'notifications'"}
{"level":30,"time":"2024-08-16T03:24:24.362Z","msg":"System tray service: setting unread count to 21"}
{"level":30,"time":"2024-08-16T03:24:24.362Z","msg":"System tray service: rendering no tray"}
{"level":30,"time":"2024-08-16T03:24:24.388Z","msg":"Approving request for permission 'notifications'"}
{"level":30,"time":"2024-08-16T03:24:48.833Z","msg":"MainSQL: slow query commitDecryptResult duration=47ms"}
{"level":30,"time":"2024-08-16T03:24:59.672Z","msg":"System tray service: setting unread count to 22"}
{"level":30,"time":"2024-08-16T03:24:59.672Z","msg":"System tray service: rendering no tray"}
{"level":30,"time":"2024-08-16T03:24:59.788Z","msg":"Approving request for permission 'notifications'"}
{"level":30,"time":"2024-08-16T03:25:52.517Z","msg":"System tray service: setting unread count to 23"}
{"level":30,"time":"2024-08-16T03:25:52.517Z","msg":"System tray service: rendering no tray"}
{"level":30,"time":"2024-08-16T03:25:52.613Z","msg":"Approving request for permission 'notifications'"}
{"level":30,"time":"2024-08-16T03:26:04.184Z","msg":"System tray service: setting unread count to 24"}
{"level":30,"time":"2024-08-16T03:26:04.184Z","msg":"System tray service: rendering no tray"}
{"level":30,"time":"2024-08-16T03:26:04.295Z","msg":"Approving request for permission 'notifications'"}
{"level":30,"time":"2024-08-16T03:26:29.882Z","msg":"System tray service: setting unread count to 25"}
{"level":30,"time":"2024-08-16T03:26:29.882Z","msg":"System tray service: rendering no tray"}
{"level":30,"time":"2024-08-16T03:26:29.989Z","msg":"Approving request for permission 'notifications'"}
{"level":30,"time":"2024-08-16T03:29:07.329Z","msg":"System tray service: setting unread count to 26"}
{"level":30,"time":"2024-08-16T03:29:07.329Z","msg":"System tray service: rendering no tray"}
{"level":30,"time":"2024-08-16T03:29:07.433Z","msg":"Approving request for permission 'notifications'"}
{"level":30,"time":"2024-08-16T03:29:17.716Z","msg":"System tray service: setting unread count to 28"}
{"level":30,"time":"2024-08-16T03:29:17.716Z","msg":"System tray service: rendering no tray"}
{"level":30,"time":"2024-08-16T03:29:18.458Z","msg":"Approving request for permission 'notifications'"}
{"level":30,"time":"2024-08-16T03:29:30.685Z","msg":"System tray service: setting unread count to 29"}
{"level":30,"time":"2024-08-16T03:29:30.685Z","msg":"System tray service: rendering no tray"}
{"level":30,"time":"2024-08-16T03:29:30.801Z","msg":"Approving request for permission 'notifications'"}
{"level":30,"time":"2024-08-16T03:29:38.536Z","msg":"MainSQL: slow query commitDecryptResult duration=49ms"}
{"level":30,"time":"2024-08-16T03:30:01.808Z","msg":"System tray service: setting unread count to 30"}
{"level":30,"time":"2024-08-16T03:30:01.808Z","msg":"System tray service: rendering no tray"}
{"level":30,"time":"2024-08-16T03:30:01.908Z","msg":"Approving request for permission 'notifications'"}
{"level":30,"time":"2024-08-16T03:30:28.968Z","msg":"System tray service: setting unread count to 31"}
{"level":30,"time":"2024-08-16T03:30:28.968Z","msg":"System tray service: rendering no tray"}
{"level":30,"time":"2024-08-16T03:30:29.068Z","msg":"Approving request for permission 'notifications'"}
{"level":30,"time":"2024-08-16T03:32:21.839Z","msg":"System tray service: setting unread count to 32"}
{"level":30,"time":"2024-08-16T03:32:21.840Z","msg":"System tray service: rendering no tray"}
{"level":30,"time":"2024-08-16T03:32:21.952Z","msg":"Approving request for permission 'notifications'"}
{"level":30,"time":"2024-08-16T03:34:20.880Z","msg":"MainSQL: slow query getUnprocessedByIdsAndIncrementAttempts duration=40ms"}
{"level":30,"time":"2024-08-16T03:37:51.777Z","msg":"System tray service: setting unread count to 33"}
{"level":30,"time":"2024-08-16T03:37:51.778Z","msg":"System tray service: rendering no tray"}
{"level":30,"time":"2024-08-16T03:37:51.873Z","msg":"Approving request for permission 'notifications'"}
{"level":30,"time":"2024-08-16T03:44:47.184Z","msg":"System tray service: setting unread count to 34"}
{"level":30,"time":"2024-08-16T03:44:47.184Z","msg":"System tray service: rendering no tray"}
{"level":30,"time":"2024-08-16T03:44:47.280Z","msg":"Approving request for permission 'notifications'"}
{"level":50,"time":"2024-08-16T04:19:39.929Z","msg":"Error occurred in handler for 'net.resolveHost': {}"}
{"level":50,"time":"2024-08-16T04:19:41.809Z","msg":"Error occurred in handler for 'net.resolveHost': {}"}
{"level":50,"time":"2024-08-16T04:19:44.329Z","msg":"Error occurred in handler for 'net.resolveHost': {}"}
{"level":50,"time":"2024-08-16T04:19:46.447Z","msg":"Error occurred in handler for 'net.resolveHost': {}"}
{"level":50,"time":"2024-08-16T04:19:47.842Z","msg":"Error occurred in handler for 'net.resolveHost': {}"}
{"level":30,"time":"2024-08-16T04:19:51.604Z","msg":"System tray service: setting unread count to 40"}
{"level":30,"time":"2024-08-16T04:19:51.605Z","msg":"System tray service: rendering no tray"}
{"level":30,"time":"2024-08-16T04:19:51.763Z","msg":"System tray service: setting unread count to 41"}
{"level":30,"time":"2024-08-16T04:19:51.763Z","msg":"System tray service: rendering no tray"}
{"level":30,"time":"2024-08-16T04:19:52.624Z","msg":"Approving request for permission 'notifications'"}
{"level":50,"time":"2024-08-16T04:43:28.944Z","msg":"Error occurred in handler for 'net.resolveHost': {}"}
{"level":30,"time":"2024-08-16T04:43:32.085Z","msg":"System tray service: setting unread count to 13"}
{"level":30,"time":"2024-08-16T04:43:32.085Z","msg":"System tray service: rendering no tray"}
{"level":30,"time":"2024-08-16T04:43:33.162Z","msg":"System tray service: setting unread count to 15"}
{"level":30,"time":"2024-08-16T04:43:33.162Z","msg":"System tray service: rendering no tray"}
{"level":30,"time":"2024-08-16T04:43:34.163Z","msg":"System tray service: setting unread count to 13"}
{"level":30,"time":"2024-08-16T04:43:34.163Z","msg":"System tray service: rendering no tray"}
{"level":30,"time":"2024-08-16T04:52:06.305Z","msg":"System tray service: setting unread count to 14"}
{"level":30,"time":"2024-08-16T04:52:06.306Z","msg":"System tray service: rendering no tray"}
{"level":30,"time":"2024-08-16T04:52:06.409Z","msg":"Approving request for permission 'notifications'"}
{"level":30,"time":"2024-08-16T04:53:22.168Z","msg":"System tray service: setting unread count to 15"}
{"level":30,"time":"2024-08-16T04:53:22.169Z","msg":"System tray service: rendering no tray"}
{"level":30,"time":"2024-08-16T04:53:22.265Z","msg":"Approving request for permission 'notifications'"}
{"level":30,"time":"2024-08-16T04:53:33.652Z","msg":"System tray service: setting unread count to 16"}
{"level":30,"time":"2024-08-16T04:53:33.652Z","msg":"System tray service: rendering no tray"}
{"level":30,"time":"2024-08-16T04:53:33.771Z","msg":"Approving request for permission 'notifications'"}
{"level":40,"time":"2024-08-16T04:55:33.760Z","msg":"MainSQL: getAllUnprocessedAndIncrementAttempts: deleting 2 invalid unprocessed envelopes"}
{"level":30,"time":"2024-08-16T05:25:47.262Z","msg":"System tray service: setting unread count to 17"}
{"level":30,"time":"2024-08-16T05:25:47.262Z","msg":"System tray service: rendering no tray"}
{"level":30,"time":"2024-08-16T05:25:47.359Z","msg":"Approving request for permission 'notifications'"}
{"level":30,"time":"2024-08-16T05:26:00.166Z","msg":"System tray service: setting unread count to 18"}
{"level":30,"time":"2024-08-16T05:26:00.167Z","msg":"System tray service: rendering no tray"}
{"level":30,"time":"2024-08-16T05:26:00.274Z","msg":"Approving request for permission 'notifications'"}
{"level":30,"time":"2024-08-16T05:26:05.690Z","msg":"System tray service: setting unread count to 19"}
{"level":30,"time":"2024-08-16T05:26:05.690Z","msg":"System tray service: rendering no tray"}
{"level":30,"time":"2024-08-16T05:26:05.780Z","msg":"Approving request for permission 'notifications'"}
{"level":30,"time":"2024-08-16T05:26:23.204Z","msg":"System tray service: setting unread count to 20"}
{"level":30,"time":"2024-08-16T05:26:23.204Z","msg":"System tray service: rendering no tray"}
{"level":30,"time":"2024-08-16T05:26:23.300Z","msg":"Approving request for permission 'notifications'"}
{"level":30,"time":"2024-08-16T05:26:34.485Z","msg":"System tray service: setting unread count to 21"}
{"level":30,"time":"2024-08-16T05:26:34.485Z","msg":"System tray service: rendering no tray"}
{"level":30,"time":"2024-08-16T05:26:34.580Z","msg":"Approving request for permission 'notifications'"}
{"level":30,"time":"2024-08-16T05:26:46.637Z","msg":"System tray service: setting unread count to 22"}
{"level":30,"time":"2024-08-16T05:26:46.637Z","msg":"System tray service: rendering no tray"}
{"level":30,"time":"2024-08-16T05:26:46.738Z","msg":"Approving request for permission 'notifications'"}
{"level":30,"time":"2024-08-16T05:35:13.876Z","msg":"MainSQL: slow query commitDecryptResult duration=40ms"}
{"level":30,"time":"2024-08-16T05:35:29.763Z","msg":"System tray service: setting unread count to 23"}
{"level":30,"time":"2024-08-16T05:35:29.763Z","msg":"System tray service: rendering no tray"}
{"level":30,"time":"2024-08-16T05:35:29.858Z","msg":"Approving request for permission 'notifications'"}
{"level":30,"time":"2024-08-16T05:36:00.934Z","msg":"System tray service: setting unread count to 24"}
{"level":30,"time":"2024-08-16T05:36:00.934Z","msg":"System tray service: rendering no tray"}
{"level":30,"time":"2024-08-16T05:36:01.039Z","msg":"Approving request for permission 'notifications'"}
{"level":50,"time":"2024-08-16T07:30:40.042Z","msg":"Error occurred in handler for 'net.resolveHost': {}"}
{"level":30,"time":"2024-08-16T08:41:54.890Z","msg":"Updating BrowserWindow config: %s {\"maximized\":true,\"autoHideMenuBar\":false,\"fullscreen\":false,\"width\":1592,\"height\":871,\"x\":4,\"y\":25}"}
{"level":30,"time":"2024-08-16T08:41:54.891Z","msg":"config/set: Saving ephemeral config to disk"}
{"level":30,"time":"2024-08-16T08:41:54.900Z","msg":"config/set: Saved ephemeral config to disk"}
{"level":30,"time":"2024-08-16T08:41:56.499Z","msg":"Updating BrowserWindow config: %s {\"maximized\":true,\"autoHideMenuBar\":false,\"fullscreen\":false,\"width\":1592,\"height\":843,\"x\":4,\"y\":53}"}
{"level":30,"time":"2024-08-16T08:41:56.499Z","msg":"config/set: Saving ephemeral config to disk"}
{"level":30,"time":"2024-08-16T08:41:56.535Z","msg":"config/set: Saved ephemeral config to disk"}
{"level":30,"time":"2024-08-16T08:42:22.217Z","msg":"System tray service: setting unread count to 25"}
{"level":30,"time":"2024-08-16T08:42:22.218Z","msg":"System tray service: rendering no tray"}
{"level":30,"time":"2024-08-16T08:42:22.313Z","msg":"Approving request for permission 'notifications'"}
{"level":30,"time":"2024-08-16T08:42:36.179Z","msg":"MainSQL: slow query commitDecryptResult duration=51ms"}
{"level":30,"time":"2024-08-16T08:42:37.192Z","msg":"System tray service: setting unread count to 26"}
{"level":30,"time":"2024-08-16T08:42:37.193Z","msg":"System tray service: rendering no tray"}
{"level":30,"time":"2024-08-16T08:42:37.293Z","msg":"Approving request for permission 'notifications'"}
{"level":30,"time":"2024-08-16T08:42:47.621Z","msg":"System tray service: setting unread count to 27"}
{"level":30,"time":"2024-08-16T08:42:47.621Z","msg":"System tray service: rendering no tray"}
{"level":30,"time":"2024-08-16T08:42:47.725Z","msg":"Approving request for permission 'notifications'"}
{"level":50,"time":"2024-08-16T18:59:00.930Z","msg":"Error occurred in handler for 'net.resolveHost': {}"}
{"level":30,"time":"2024-08-16T18:59:05.996Z","msg":"System tray service: setting unread count to 29"}
{"level":30,"time":"2024-08-16T18:59:05.996Z","msg":"System tray service: rendering no tray"}
{"level":30,"time":"2024-08-16T18:59:11.465Z","msg":"System tray service: setting unread count to 27"}
{"level":30,"time":"2024-08-16T18:59:11.465Z","msg":"System tray service: rendering no tray"}
{"level":30,"time":"2024-08-16T18:59:12.602Z","msg":"System tray service: setting unread count to 26"}
{"level":30,"time":"2024-08-16T18:59:12.602Z","msg":"System tray service: rendering no tray"}
{"level":30,"time":"2024-08-16T19:41:37.070Z","msg":"System tray service: setting unread count to 27"}
{"level":30,"time":"2024-08-16T19:41:37.071Z","msg":"System tray service: rendering no tray"}
{"level":30,"time":"2024-08-16T19:41:37.205Z","msg":"Approving request for permission 'notifications'"}
{"level":30,"time":"2024-08-16T19:48:47.340Z","msg":"System tray service: setting unread count to 28"}
{"level":30,"time":"2024-08-16T19:48:47.340Z","msg":"System tray service: rendering no tray"}
{"level":30,"time":"2024-08-16T19:48:47.449Z","msg":"Approving request for permission 'notifications'"}
{"level":30,"time":"2024-08-16T19:49:41.807Z","msg":"System tray service: setting unread count to 29"}
{"level":30,"time":"2024-08-16T19:49:41.807Z","msg":"System tray service: rendering no tray"}
{"level":30,"time":"2024-08-16T19:49:41.911Z","msg":"Approving request for permission 'notifications'"}
{"level":30,"time":"2024-08-16T19:50:49.774Z","msg":"System tray service: setting unread count to 30"}
{"level":30,"time":"2024-08-16T19:50:49.774Z","msg":"System tray service: rendering no tray"}
{"level":30,"time":"2024-08-16T19:50:49.890Z","msg":"Approving request for permission 'notifications'"}
{"level":30,"time":"2024-08-16T19:50:54.522Z","msg":"System tray service: setting unread count to 31"}
{"level":30,"time":"2024-08-16T19:50:54.522Z","msg":"System tray service: rendering no tray"}
{"level":30,"time":"2024-08-16T19:50:54.624Z","msg":"Approving request for permission 'notifications'"}
{"level":30,"time":"2024-08-16T20:19:05.442Z","msg":"Updating BrowserWindow config: %s {\"maximized\":true,\"autoHideMenuBar\":false,\"fullscreen\":false,\"width\":1592,\"height\":871,\"x\":4,\"y\":25}"}
{"level":30,"time":"2024-08-16T20:19:05.444Z","msg":"config/set: Saving ephemeral config to disk"}
{"level":30,"time":"2024-08-16T20:19:05.455Z","msg":"config/set: Saved ephemeral config to disk"}
{"level":30,"time":"2024-08-16T20:19:07.704Z","msg":"Updating BrowserWindow config: %s {\"maximized\":true,\"autoHideMenuBar\":false,\"fullscreen\":false,\"width\":1592,\"height\":843,\"x\":4,\"y\":53}"}
{"level":30,"time":"2024-08-16T20:19:07.705Z","msg":"config/set: Saving ephemeral config to disk"}
{"level":30,"time":"2024-08-16T20:19:07.713Z","msg":"config/set: Saved ephemeral config to disk"}
{"level":30,"time":"2024-08-16T20:20:58.463Z","msg":"System tray service: setting unread count to 26"}
{"level":30,"time":"2024-08-16T20:20:58.463Z","msg":"System tray service: rendering no tray"}
