2024-08-09 01:20:08.984 [info] Extension host with pid 78146 started
2024-08-09 01:20:09.161 [info] ExtensionService#_doActivateExtension vscode.git-base, startup: true, activationEvent: '*', root cause: vscode.git
2024-08-09 01:20:09.233 [info] ExtensionService#_doActivateExtension vscode.git, startup: true, activationEvent: '*'
2024-08-09 01:20:09.257 [info] ExtensionService#_doActivateExtension vscode.github, startup: true, activationEvent: '*'
2024-08-09 01:20:09.303 [info] Eager extensions activated
2024-08-09 01:20:09.320 [info] ExtensionService#_doActivateExtension vscode.debug-auto-launch, startup: false, activationEvent: 'onStartupFinished'
2024-08-09 01:20:09.321 [info] ExtensionService#_doActivateExtension vscode.merge-conflict, startup: false, activationEvent: 'onStartupFinished'
2024-08-09 01:20:15.261 [info] Extension host terminating: renderer closed the MessagePort
2024-08-09 01:20:15.270 [info] Extension host with pid 78146 exiting with code 0
2024-08-09 01:20:16.423 [info] Extension host with pid 78218 started
2024-08-09 01:20:16.423 [info] Skipping acquiring lock for /home/le/.config/VSCodium/User/workspaceStorage/174d68d4c46aa077fa3885ce7edb1c12.
2024-08-09 01:20:16.514 [info] ExtensionService#_doActivateExtension vscode.git-base, startup: true, activationEvent: '*'
2024-08-09 01:20:16.543 [info] ExtensionService#_doActivateExtension vscode.github, startup: true, activationEvent: '*'
2024-08-09 01:20:16.558 [info] Eager extensions activated
2024-08-09 01:20:16.563 [info] ExtensionService#_doActivateExtension vscode.debug-auto-launch, startup: false, activationEvent: 'onStartupFinished'
2024-08-09 01:20:16.564 [info] ExtensionService#_doActivateExtension vscode.merge-conflict, startup: false, activationEvent: 'onStartupFinished'
2024-08-09 01:20:20.174 [info] ExtensionService#_doActivateExtension vscode.git, startup: false, activationEvent: 'api', root cause: vscode.github
2024-08-09 01:20:20.371 [info] ExtensionService#_doActivateExtension vscode.emmet, startup: false, activationEvent: 'onLanguage'
2024-08-09 01:20:20.460 [info] ExtensionService#_doActivateExtension vscode.github-authentication, startup: false, activationEvent: 'onAuthenticationRequest:github'
2024-08-09 01:21:23.373 [info] ExtensionService#_doActivateExtension justusadam.language-haskell, startup: false, activationEvent: 'onLanguage:haskell', root cause: dramforever.vscode-ghc-simple
2024-08-09 01:21:23.505 [info] ExtensionService#_doActivateExtension dramforever.vscode-ghc-simple, startup: false, activationEvent: 'onLanguage:haskell'
2024-08-09 01:21:23.542 [info] ExtensionService#_doActivateExtension haskell.haskell, startup: false, activationEvent: 'onLanguage:haskell'
2024-08-09 01:21:29.245 [info] ExtensionService#_doActivateExtension vscode.configuration-editing, startup: false, activationEvent: 'onLanguage:jsonc'
2024-08-09 01:21:29.250 [info] ExtensionService#_doActivateExtension vscode.json-language-features, startup: false, activationEvent: 'onLanguage:jsonc'
2024-08-09 01:21:29.275 [info] ExtensionService#_doActivateExtension vscode.typescript-language-features, startup: false, activationEvent: 'onLanguage:jsonc'
2024-08-09 01:29:48.781 [error] [dramforever.vscode-ghc-simple] provider FAILED
2024-08-09 01:29:48.807 [error] Error: Illegal argument: value
	at C (/usr/share/vscodium/resources/app/out/vs/workbench/api/node/extensionHostProcess.js:10:1359)
	at new p (/usr/share/vscodium/resources/app/out/vs/workbench/api/node/extensionHostProcess.js:100:41808)
	at new v (/usr/share/vscodium/resources/app/out/vs/workbench/api/node/extensionHostProcess.js:152:23841)
	at Object.<anonymous> (/home/le/.vscode-oss/extensions/dramforever.vscode-ghc-simple-0.2.3-universal/out/src/features/hover.js:31:39)
	at Generator.next (<anonymous>)
	at fulfilled (/home/le/.vscode-oss/extensions/dramforever.vscode-ghc-simple-0.2.3-universal/out/src/features/hover.js:5:58)
	at process.processTicksAndRejections (node:internal/process/task_queues:95:5)
2024-08-09 01:29:48.956 [error] [dramforever.vscode-ghc-simple] provider FAILED
2024-08-09 01:29:48.956 [error] Error: Illegal argument: value
	at C (/usr/share/vscodium/resources/app/out/vs/workbench/api/node/extensionHostProcess.js:10:1359)
	at new p (/usr/share/vscodium/resources/app/out/vs/workbench/api/node/extensionHostProcess.js:100:41808)
	at new v (/usr/share/vscodium/resources/app/out/vs/workbench/api/node/extensionHostProcess.js:152:23841)
	at Object.<anonymous> (/home/le/.vscode-oss/extensions/dramforever.vscode-ghc-simple-0.2.3-universal/out/src/features/hover.js:31:39)
	at Generator.next (<anonymous>)
	at fulfilled (/home/le/.vscode-oss/extensions/dramforever.vscode-ghc-simple-0.2.3-universal/out/src/features/hover.js:5:58)
	at process.processTicksAndRejections (node:internal/process/task_queues:95:5)
2024-08-09 01:30:43.189 [error] [dramforever.vscode-ghc-simple] provider FAILED
2024-08-09 01:30:43.189 [error] Error: Illegal argument: value
	at C (/usr/share/vscodium/resources/app/out/vs/workbench/api/node/extensionHostProcess.js:10:1359)
	at new p (/usr/share/vscodium/resources/app/out/vs/workbench/api/node/extensionHostProcess.js:100:41808)
	at new v (/usr/share/vscodium/resources/app/out/vs/workbench/api/node/extensionHostProcess.js:152:23841)
	at Object.<anonymous> (/home/le/.vscode-oss/extensions/dramforever.vscode-ghc-simple-0.2.3-universal/out/src/features/hover.js:31:39)
	at Generator.next (<anonymous>)
	at fulfilled (/home/le/.vscode-oss/extensions/dramforever.vscode-ghc-simple-0.2.3-universal/out/src/features/hover.js:5:58)
	at process.processTicksAndRejections (node:internal/process/task_queues:95:5)
2024-08-09 01:30:51.100 [error] [dramforever.vscode-ghc-simple] provider FAILED
2024-08-09 01:30:51.100 [error] Error: Illegal argument: value
	at C (/usr/share/vscodium/resources/app/out/vs/workbench/api/node/extensionHostProcess.js:10:1359)
	at new p (/usr/share/vscodium/resources/app/out/vs/workbench/api/node/extensionHostProcess.js:100:41808)
	at new v (/usr/share/vscodium/resources/app/out/vs/workbench/api/node/extensionHostProcess.js:152:23841)
	at Object.<anonymous> (/home/le/.vscode-oss/extensions/dramforever.vscode-ghc-simple-0.2.3-universal/out/src/features/hover.js:31:39)
	at Generator.next (<anonymous>)
	at fulfilled (/home/le/.vscode-oss/extensions/dramforever.vscode-ghc-simple-0.2.3-universal/out/src/features/hover.js:5:58)
	at process.processTicksAndRejections (node:internal/process/task_queues:95:5)
2024-08-09 02:38:00.771 [warning] [Decorations] CAPPING events from decorations provider vscode.git 399
2024-08-09 02:38:01.838 [warning] [Decorations] CAPPING events from decorations provider vscode.git 399
2024-08-09 03:06:36.125 [warning] [Decorations] CAPPING events from decorations provider vscode.git 399
2024-08-09 03:06:38.893 [info] Extension host terminating: renderer closed the MessagePort
2024-08-09 03:06:38.916 [error] Canceled: Canceled
	at new T (/usr/share/vscodium/resources/app/out/vs/workbench/api/node/extensionHostProcess.js:144:39096)
	at y._remoteCall (/usr/share/vscodium/resources/app/out/vs/workbench/api/node/extensionHostProcess.js:151:8166)
	at U.<computed>.F.charCodeAt.R.CharCode.DollarSign.U.<computed> (/usr/share/vscodium/resources/app/out/vs/workbench/api/node/extensionHostProcess.js:151:4351)
	at f._doExecuteCommand (/usr/share/vscodium/resources/app/out/vs/workbench/api/node/extensionHostProcess.js:154:241286)
	at f.executeCommand (/usr/share/vscodium/resources/app/out/vs/workbench/api/node/extensionHostProcess.js:154:240611)
	at k.registerCommand.description (/usr/share/vscodium/resources/app/out/vs/workbench/api/node/extensionHostProcess.js:154:239855)
	at f._executeContributedCommand (/usr/share/vscodium/resources/app/out/vs/workbench/api/node/extensionHostProcess.js:154:241924)
	at f._doExecuteCommand (/usr/share/vscodium/resources/app/out/vs/workbench/api/node/extensionHostProcess.js:154:240744)
	at f.executeCommand (/usr/share/vscodium/resources/app/out/vs/workbench/api/node/extensionHostProcess.js:154:240611)
	at Object.executeCommand (/usr/share/vscodium/resources/app/out/vs/workbench/api/node/extensionHostProcess.js:164:29715)
	at n.O [as value] (/usr/share/vscodium/resources/app/extensions/git/dist/main.js:2:949445)
	at r._deliver (/usr/share/vscodium/resources/app/out/vs/workbench/api/node/extensionHostProcess.js:83:915)
	at r._deliverQueue (/usr/share/vscodium/resources/app/out/vs/workbench/api/node/extensionHostProcess.js:83:1006)
	at r.fire (/usr/share/vscodium/resources/app/out/vs/workbench/api/node/extensionHostProcess.js:83:1341)
	at Object.p [as dispose] (/usr/share/vscodium/resources/app/extensions/git/dist/main.js:2:968649)
	at /usr/share/vscodium/resources/app/extensions/git/dist/main.js:2:974687
	at Array.forEach (<anonymous>)
	at f.dispose (/usr/share/vscodium/resources/app/extensions/git/dist/main.js:2:974673)
	at l.<anonymous> (/usr/share/vscodium/resources/app/out/vs/workbench/api/node/extensionHostProcess.js:152:6245)
	at l.dispose (/usr/share/vscodium/resources/app/out/vs/workbench/api/node/extensionHostProcess.js:152:6342)
	at l.<anonymous> (/usr/share/vscodium/resources/app/extensions/git/dist/main.js:2:951702)
	at l.dispose (/usr/share/vscodium/resources/app/out/vs/workbench/api/node/extensionHostProcess.js:152:6342)
	at h (/usr/share/vscodium/resources/app/out/vs/workbench/api/node/extensionHostProcess.js:30:758)
	at m._deactivate (/usr/share/vscodium/resources/app/out/vs/workbench/api/node/extensionHostProcess.js:160:13048)
	at /usr/share/vscodium/resources/app/out/vs/workbench/api/node/extensionHostProcess.js:160:10194
	at Array.map (<anonymous>)
	at m._deactivateAll (/usr/share/vscodium/resources/app/out/vs/workbench/api/node/extensionHostProcess.js:160:10181)
	at m.terminate (/usr/share/vscodium/resources/app/out/vs/workbench/api/node/extensionHostProcess.js:160:10564)
	at h.terminate (/usr/share/vscodium/resources/app/out/vs/workbench/api/node/extensionHostProcess.js:164:1908)
	at i (/usr/share/vscodium/resources/app/out/vs/workbench/api/node/extensionHostProcess.js:177:12354)
	at MessagePortMain.<anonymous> (/usr/share/vscodium/resources/app/out/vs/workbench/api/node/extensionHostProcess.js:177:8164)
	at MessagePortMain.emit (node:events:514:28)
	at MessagePortMain._internalPort.emit (node:electron/js2c/utility_init:2:2285) setContext undefined
2024-08-09 03:06:38.916 [error] Canceled: Canceled
	at new T (/usr/share/vscodium/resources/app/out/vs/workbench/api/node/extensionHostProcess.js:144:39096)
	at y._remoteCall (/usr/share/vscodium/resources/app/out/vs/workbench/api/node/extensionHostProcess.js:151:8166)
	at U.<computed>.F.charCodeAt.R.CharCode.DollarSign.U.<computed> (/usr/share/vscodium/resources/app/out/vs/workbench/api/node/extensionHostProcess.js:151:4351)
	at f._doExecuteCommand (/usr/share/vscodium/resources/app/out/vs/workbench/api/node/extensionHostProcess.js:154:241286)
	at f.executeCommand (/usr/share/vscodium/resources/app/out/vs/workbench/api/node/extensionHostProcess.js:154:240611)
	at k.registerCommand.description (/usr/share/vscodium/resources/app/out/vs/workbench/api/node/extensionHostProcess.js:154:239855)
	at f._executeContributedCommand (/usr/share/vscodium/resources/app/out/vs/workbench/api/node/extensionHostProcess.js:154:241924)
	at f._doExecuteCommand (/usr/share/vscodium/resources/app/out/vs/workbench/api/node/extensionHostProcess.js:154:240744)
	at f.executeCommand (/usr/share/vscodium/resources/app/out/vs/workbench/api/node/extensionHostProcess.js:154:240611)
	at Object.executeCommand (/usr/share/vscodium/resources/app/out/vs/workbench/api/node/extensionHostProcess.js:164:29715)
	at n.O [as value] (/usr/share/vscodium/resources/app/extensions/git/dist/main.js:2:949445)
	at r._deliver (/usr/share/vscodium/resources/app/out/vs/workbench/api/node/extensionHostProcess.js:83:915)
	at r._deliverQueue (/usr/share/vscodium/resources/app/out/vs/workbench/api/node/extensionHostProcess.js:83:1006)
	at r.fire (/usr/share/vscodium/resources/app/out/vs/workbench/api/node/extensionHostProcess.js:83:1341)
	at Object.p [as dispose] (/usr/share/vscodium/resources/app/extensions/git/dist/main.js:2:968649)
	at /usr/share/vscodium/resources/app/extensions/git/dist/main.js:2:974687
	at Array.forEach (<anonymous>)
	at f.dispose (/usr/share/vscodium/resources/app/extensions/git/dist/main.js:2:974673)
	at l.<anonymous> (/usr/share/vscodium/resources/app/out/vs/workbench/api/node/extensionHostProcess.js:152:6245)
	at l.dispose (/usr/share/vscodium/resources/app/out/vs/workbench/api/node/extensionHostProcess.js:152:6342)
	at l.<anonymous> (/usr/share/vscodium/resources/app/extensions/git/dist/main.js:2:951702)
	at l.dispose (/usr/share/vscodium/resources/app/out/vs/workbench/api/node/extensionHostProcess.js:152:6342)
	at h (/usr/share/vscodium/resources/app/out/vs/workbench/api/node/extensionHostProcess.js:30:758)
	at m._deactivate (/usr/share/vscodium/resources/app/out/vs/workbench/api/node/extensionHostProcess.js:160:13048)
	at /usr/share/vscodium/resources/app/out/vs/workbench/api/node/extensionHostProcess.js:160:10194
	at Array.map (<anonymous>)
	at m._deactivateAll (/usr/share/vscodium/resources/app/out/vs/workbench/api/node/extensionHostProcess.js:160:10181)
	at m.terminate (/usr/share/vscodium/resources/app/out/vs/workbench/api/node/extensionHostProcess.js:160:10564)
	at h.terminate (/usr/share/vscodium/resources/app/out/vs/workbench/api/node/extensionHostProcess.js:164:1908)
	at i (/usr/share/vscodium/resources/app/out/vs/workbench/api/node/extensionHostProcess.js:177:12354)
	at MessagePortMain.<anonymous> (/usr/share/vscodium/resources/app/out/vs/workbench/api/node/extensionHostProcess.js:177:8164)
	at MessagePortMain.emit (node:events:514:28)
	at MessagePortMain._internalPort.emit (node:electron/js2c/utility_init:2:2285) setContext undefined
2024-08-09 03:06:38.917 [error] Canceled: Canceled
	at new T (/usr/share/vscodium/resources/app/out/vs/workbench/api/node/extensionHostProcess.js:144:39096)
	at y._remoteCall (/usr/share/vscodium/resources/app/out/vs/workbench/api/node/extensionHostProcess.js:151:8166)
	at U.<computed>.F.charCodeAt.R.CharCode.DollarSign.U.<computed> (/usr/share/vscodium/resources/app/out/vs/workbench/api/node/extensionHostProcess.js:151:4351)
	at f._doExecuteCommand (/usr/share/vscodium/resources/app/out/vs/workbench/api/node/extensionHostProcess.js:154:241286)
	at f.executeCommand (/usr/share/vscodium/resources/app/out/vs/workbench/api/node/extensionHostProcess.js:154:240611)
	at k.registerCommand.description (/usr/share/vscodium/resources/app/out/vs/workbench/api/node/extensionHostProcess.js:154:239855)
	at f._executeContributedCommand (/usr/share/vscodium/resources/app/out/vs/workbench/api/node/extensionHostProcess.js:154:241924)
	at f._doExecuteCommand (/usr/share/vscodium/resources/app/out/vs/workbench/api/node/extensionHostProcess.js:154:240744)
	at f.executeCommand (/usr/share/vscodium/resources/app/out/vs/workbench/api/node/extensionHostProcess.js:154:240611)
	at Object.executeCommand (/usr/share/vscodium/resources/app/out/vs/workbench/api/node/extensionHostProcess.js:164:29715)
	at n.O [as value] (/usr/share/vscodium/resources/app/extensions/git/dist/main.js:2:949445)
	at r._deliver (/usr/share/vscodium/resources/app/out/vs/workbench/api/node/extensionHostProcess.js:83:915)
	at r._deliverQueue (/usr/share/vscodium/resources/app/out/vs/workbench/api/node/extensionHostProcess.js:83:1006)
	at r.fire (/usr/share/vscodium/resources/app/out/vs/workbench/api/node/extensionHostProcess.js:83:1341)
	at Object.p [as dispose] (/usr/share/vscodium/resources/app/extensions/git/dist/main.js:2:968649)
	at /usr/share/vscodium/resources/app/extensions/git/dist/main.js:2:974687
	at Array.forEach (<anonymous>)
	at f.dispose (/usr/share/vscodium/resources/app/extensions/git/dist/main.js:2:974673)
	at l.<anonymous> (/usr/share/vscodium/resources/app/out/vs/workbench/api/node/extensionHostProcess.js:152:6245)
	at l.dispose (/usr/share/vscodium/resources/app/out/vs/workbench/api/node/extensionHostProcess.js:152:6342)
	at l.<anonymous> (/usr/share/vscodium/resources/app/extensions/git/dist/main.js:2:951702)
	at l.dispose (/usr/share/vscodium/resources/app/out/vs/workbench/api/node/extensionHostProcess.js:152:6342)
	at h (/usr/share/vscodium/resources/app/out/vs/workbench/api/node/extensionHostProcess.js:30:758)
	at m._deactivate (/usr/share/vscodium/resources/app/out/vs/workbench/api/node/extensionHostProcess.js:160:13048)
	at /usr/share/vscodium/resources/app/out/vs/workbench/api/node/extensionHostProcess.js:160:10194
	at Array.map (<anonymous>)
	at m._deactivateAll (/usr/share/vscodium/resources/app/out/vs/workbench/api/node/extensionHostProcess.js:160:10181)
	at m.terminate (/usr/share/vscodium/resources/app/out/vs/workbench/api/node/extensionHostProcess.js:160:10564)
	at h.terminate (/usr/share/vscodium/resources/app/out/vs/workbench/api/node/extensionHostProcess.js:164:1908)
	at i (/usr/share/vscodium/resources/app/out/vs/workbench/api/node/extensionHostProcess.js:177:12354)
	at MessagePortMain.<anonymous> (/usr/share/vscodium/resources/app/out/vs/workbench/api/node/extensionHostProcess.js:177:8164)
	at MessagePortMain.emit (node:events:514:28)
	at MessagePortMain._internalPort.emit (node:electron/js2c/utility_init:2:2285) setContext undefined
2024-08-09 03:06:38.917 [error] Canceled: Canceled
	at new T (/usr/share/vscodium/resources/app/out/vs/workbench/api/node/extensionHostProcess.js:144:39096)
	at y._remoteCall (/usr/share/vscodium/resources/app/out/vs/workbench/api/node/extensionHostProcess.js:151:8166)
	at U.<computed>.F.charCodeAt.R.CharCode.DollarSign.U.<computed> (/usr/share/vscodium/resources/app/out/vs/workbench/api/node/extensionHostProcess.js:151:4351)
	at f._doExecuteCommand (/usr/share/vscodium/resources/app/out/vs/workbench/api/node/extensionHostProcess.js:154:241286)
	at f.executeCommand (/usr/share/vscodium/resources/app/out/vs/workbench/api/node/extensionHostProcess.js:154:240611)
	at k.registerCommand.description (/usr/share/vscodium/resources/app/out/vs/workbench/api/node/extensionHostProcess.js:154:239855)
	at f._executeContributedCommand (/usr/share/vscodium/resources/app/out/vs/workbench/api/node/extensionHostProcess.js:154:241924)
	at f._doExecuteCommand (/usr/share/vscodium/resources/app/out/vs/workbench/api/node/extensionHostProcess.js:154:240744)
	at f.executeCommand (/usr/share/vscodium/resources/app/out/vs/workbench/api/node/extensionHostProcess.js:154:240611)
	at Object.executeCommand (/usr/share/vscodium/resources/app/out/vs/workbench/api/node/extensionHostProcess.js:164:29715)
	at n.O [as value] (/usr/share/vscodium/resources/app/extensions/git/dist/main.js:2:949445)
	at r._deliver (/usr/share/vscodium/resources/app/out/vs/workbench/api/node/extensionHostProcess.js:83:915)
	at r._deliverQueue (/usr/share/vscodium/resources/app/out/vs/workbench/api/node/extensionHostProcess.js:83:1006)
	at r.fire (/usr/share/vscodium/resources/app/out/vs/workbench/api/node/extensionHostProcess.js:83:1341)
	at Object.p [as dispose] (/usr/share/vscodium/resources/app/extensions/git/dist/main.js:2:968649)
	at /usr/share/vscodium/resources/app/extensions/git/dist/main.js:2:974687
	at Array.forEach (<anonymous>)
	at f.dispose (/usr/share/vscodium/resources/app/extensions/git/dist/main.js:2:974673)
	at l.<anonymous> (/usr/share/vscodium/resources/app/out/vs/workbench/api/node/extensionHostProcess.js:152:6245)
	at l.dispose (/usr/share/vscodium/resources/app/out/vs/workbench/api/node/extensionHostProcess.js:152:6342)
	at l.<anonymous> (/usr/share/vscodium/resources/app/extensions/git/dist/main.js:2:951702)
	at l.dispose (/usr/share/vscodium/resources/app/out/vs/workbench/api/node/extensionHostProcess.js:152:6342)
	at h (/usr/share/vscodium/resources/app/out/vs/workbench/api/node/extensionHostProcess.js:30:758)
	at m._deactivate (/usr/share/vscodium/resources/app/out/vs/workbench/api/node/extensionHostProcess.js:160:13048)
	at /usr/share/vscodium/resources/app/out/vs/workbench/api/node/extensionHostProcess.js:160:10194
	at Array.map (<anonymous>)
	at m._deactivateAll (/usr/share/vscodium/resources/app/out/vs/workbench/api/node/extensionHostProcess.js:160:10181)
	at m.terminate (/usr/share/vscodium/resources/app/out/vs/workbench/api/node/extensionHostProcess.js:160:10564)
	at h.terminate (/usr/share/vscodium/resources/app/out/vs/workbench/api/node/extensionHostProcess.js:164:1908)
	at i (/usr/share/vscodium/resources/app/out/vs/workbench/api/node/extensionHostProcess.js:177:12354)
	at MessagePortMain.<anonymous> (/usr/share/vscodium/resources/app/out/vs/workbench/api/node/extensionHostProcess.js:177:8164)
	at MessagePortMain.emit (node:events:514:28)
	at MessagePortMain._internalPort.emit (node:electron/js2c/utility_init:2:2285) setContext undefined
2024-08-09 03:06:38.917 [error] Canceled: Canceled
	at new T (/usr/share/vscodium/resources/app/out/vs/workbench/api/node/extensionHostProcess.js:144:39096)
	at y._remoteCall (/usr/share/vscodium/resources/app/out/vs/workbench/api/node/extensionHostProcess.js:151:8166)
	at U.<computed>.F.charCodeAt.R.CharCode.DollarSign.U.<computed> (/usr/share/vscodium/resources/app/out/vs/workbench/api/node/extensionHostProcess.js:151:4351)
	at f._doExecuteCommand (/usr/share/vscodium/resources/app/out/vs/workbench/api/node/extensionHostProcess.js:154:241286)
	at f.executeCommand (/usr/share/vscodium/resources/app/out/vs/workbench/api/node/extensionHostProcess.js:154:240611)
	at k.registerCommand.description (/usr/share/vscodium/resources/app/out/vs/workbench/api/node/extensionHostProcess.js:154:239855)
	at f._executeContributedCommand (/usr/share/vscodium/resources/app/out/vs/workbench/api/node/extensionHostProcess.js:154:241924)
	at f._doExecuteCommand (/usr/share/vscodium/resources/app/out/vs/workbench/api/node/extensionHostProcess.js:154:240744)
	at f.executeCommand (/usr/share/vscodium/resources/app/out/vs/workbench/api/node/extensionHostProcess.js:154:240611)
	at Object.executeCommand (/usr/share/vscodium/resources/app/out/vs/workbench/api/node/extensionHostProcess.js:164:29715)
	at n.O [as value] (/usr/share/vscodium/resources/app/extensions/git/dist/main.js:2:949445)
	at r._deliver (/usr/share/vscodium/resources/app/out/vs/workbench/api/node/extensionHostProcess.js:83:915)
	at r._deliverQueue (/usr/share/vscodium/resources/app/out/vs/workbench/api/node/extensionHostProcess.js:83:1006)
	at r.fire (/usr/share/vscodium/resources/app/out/vs/workbench/api/node/extensionHostProcess.js:83:1341)
	at Object.p [as dispose] (/usr/share/vscodium/resources/app/extensions/git/dist/main.js:2:968649)
	at /usr/share/vscodium/resources/app/extensions/git/dist/main.js:2:974687
	at Array.forEach (<anonymous>)
	at f.dispose (/usr/share/vscodium/resources/app/extensions/git/dist/main.js:2:974673)
	at l.<anonymous> (/usr/share/vscodium/resources/app/out/vs/workbench/api/node/extensionHostProcess.js:152:6245)
	at l.dispose (/usr/share/vscodium/resources/app/out/vs/workbench/api/node/extensionHostProcess.js:152:6342)
	at l.<anonymous> (/usr/share/vscodium/resources/app/extensions/git/dist/main.js:2:951702)
	at l.dispose (/usr/share/vscodium/resources/app/out/vs/workbench/api/node/extensionHostProcess.js:152:6342)
	at h (/usr/share/vscodium/resources/app/out/vs/workbench/api/node/extensionHostProcess.js:30:758)
	at m._deactivate (/usr/share/vscodium/resources/app/out/vs/workbench/api/node/extensionHostProcess.js:160:13048)
	at /usr/share/vscodium/resources/app/out/vs/workbench/api/node/extensionHostProcess.js:160:10194
	at Array.map (<anonymous>)
	at m._deactivateAll (/usr/share/vscodium/resources/app/out/vs/workbench/api/node/extensionHostProcess.js:160:10181)
	at m.terminate (/usr/share/vscodium/resources/app/out/vs/workbench/api/node/extensionHostProcess.js:160:10564)
	at h.terminate (/usr/share/vscodium/resources/app/out/vs/workbench/api/node/extensionHostProcess.js:164:1908)
	at i (/usr/share/vscodium/resources/app/out/vs/workbench/api/node/extensionHostProcess.js:177:12354)
	at MessagePortMain.<anonymous> (/usr/share/vscodium/resources/app/out/vs/workbench/api/node/extensionHostProcess.js:177:8164)
	at MessagePortMain.emit (node:events:514:28)
	at MessagePortMain._internalPort.emit (node:electron/js2c/utility_init:2:2285) setContext undefined
2024-08-09 03:06:38.919 [error] Canceled: Canceled
	at new T (/usr/share/vscodium/resources/app/out/vs/workbench/api/node/extensionHostProcess.js:144:39096)
	at y._remoteCall (/usr/share/vscodium/resources/app/out/vs/workbench/api/node/extensionHostProcess.js:151:8166)
	at U.<computed>.F.charCodeAt.R.CharCode.DollarSign.U.<computed> (/usr/share/vscodium/resources/app/out/vs/workbench/api/node/extensionHostProcess.js:151:4351)
	at f._doExecuteCommand (/usr/share/vscodium/resources/app/out/vs/workbench/api/node/extensionHostProcess.js:154:241286)
	at f.executeCommand (/usr/share/vscodium/resources/app/out/vs/workbench/api/node/extensionHostProcess.js:154:240611)
	at k.registerCommand.description (/usr/share/vscodium/resources/app/out/vs/workbench/api/node/extensionHostProcess.js:154:239855)
	at f._executeContributedCommand (/usr/share/vscodium/resources/app/out/vs/workbench/api/node/extensionHostProcess.js:154:241924)
	at f._doExecuteCommand (/usr/share/vscodium/resources/app/out/vs/workbench/api/node/extensionHostProcess.js:154:240744)
	at f.executeCommand (/usr/share/vscodium/resources/app/out/vs/workbench/api/node/extensionHostProcess.js:154:240611)
	at Object.executeCommand (/usr/share/vscodium/resources/app/out/vs/workbench/api/node/extensionHostProcess.js:164:29715)
	at set hasGitHubRepositories (/usr/share/vscodium/resources/app/extensions/github/dist/extension.js:2:322918)
	at /usr/share/vscodium/resources/app/extensions/github/dist/extension.js:2:323877
	at n.value (/usr/share/vscodium/resources/app/extensions/git/dist/main.js:2:1055187)
	at r._deliver (/usr/share/vscodium/resources/app/out/vs/workbench/api/node/extensionHostProcess.js:83:915)
	at r._deliverQueue (/usr/share/vscodium/resources/app/out/vs/workbench/api/node/extensionHostProcess.js:83:1006)
	at r.fire (/usr/share/vscodium/resources/app/out/vs/workbench/api/node/extensionHostProcess.js:83:1341)
	at Object.p [as dispose] (/usr/share/vscodium/resources/app/extensions/git/dist/main.js:2:968649)
	at /usr/share/vscodium/resources/app/extensions/git/dist/main.js:2:974687
	at Array.forEach (<anonymous>)
	at f.dispose (/usr/share/vscodium/resources/app/extensions/git/dist/main.js:2:974673)
	at l.<anonymous> (/usr/share/vscodium/resources/app/out/vs/workbench/api/node/extensionHostProcess.js:152:6245)
	at l.dispose (/usr/share/vscodium/resources/app/out/vs/workbench/api/node/extensionHostProcess.js:152:6342)
	at l.<anonymous> (/usr/share/vscodium/resources/app/extensions/git/dist/main.js:2:951702)
	at l.dispose (/usr/share/vscodium/resources/app/out/vs/workbench/api/node/extensionHostProcess.js:152:6342)
	at h (/usr/share/vscodium/resources/app/out/vs/workbench/api/node/extensionHostProcess.js:30:758)
	at m._deactivate (/usr/share/vscodium/resources/app/out/vs/workbench/api/node/extensionHostProcess.js:160:13048)
	at /usr/share/vscodium/resources/app/out/vs/workbench/api/node/extensionHostProcess.js:160:10194
	at Array.map (<anonymous>)
	at m._deactivateAll (/usr/share/vscodium/resources/app/out/vs/workbench/api/node/extensionHostProcess.js:160:10181)
	at m.terminate (/usr/share/vscodium/resources/app/out/vs/workbench/api/node/extensionHostProcess.js:160:10564)
	at h.terminate (/usr/share/vscodium/resources/app/out/vs/workbench/api/node/extensionHostProcess.js:164:1908)
	at i (/usr/share/vscodium/resources/app/out/vs/workbench/api/node/extensionHostProcess.js:177:12354)
	at MessagePortMain.<anonymous> (/usr/share/vscodium/resources/app/out/vs/workbench/api/node/extensionHostProcess.js:177:8164)
	at MessagePortMain.emit (node:events:514:28)
	at MessagePortMain._internalPort.emit (node:electron/js2c/utility_init:2:2285) setContext undefined
2024-08-09 03:06:38.922 [error] Error: Channel has been closed
	at f (/usr/share/vscodium/resources/app/out/vs/workbench/api/node/extensionHostProcess.js:157:3396)
	at Object.appendLine (/usr/share/vscodium/resources/app/out/vs/workbench/api/node/extensionHostProcess.js:157:3514)
	at GhciManager.outputLine (/home/le/.vscode-oss/extensions/dramforever.vscode-ghc-simple-0.2.3-universal/out/src/bios/ghci.js:37:32)
	at GhciManager.handleLine (/home/le/.vscode-oss/extensions/dramforever.vscode-ghc-simple-0.2.3-universal/out/src/bios/ghci.js:117:14)
	at Interface.emit (node:events:514:28)
	at [_onLine] [as _onLine] (node:internal/readline/interface:416:12)
	at [_normalWrite] [as _normalWrite] (node:internal/readline/interface:610:22)
	at Socket.ondata (node:internal/readline/interface:243:23)
	at Socket.emit (node:events:514:28)
	at addChunk (node:internal/streams/readable:376:12)
	at readableAddChunk (node:internal/streams/readable:349:9)
	at Readable.push (node:internal/streams/readable:286:10)
	at Pipe.onStreamRead (node:internal/stream_base_commons:190:23)
2024-08-09 03:06:38.924 [info] Extension host with pid 78218 exiting with code 0
